c2 150828

 Reading from /media/sahil/NCBS_Shares_BGStim/patch_data/150828/c2/CPP/CPP.mat (1 squares)

 Reading from /media/sahil/NCBS_Shares_BGStim/patch_data/150828/c2/CPP/CPP5.mat (5 squares)
c1 150902
c2 150902

 Reading from /media/sahil/NCBS_Shares_BGStim/patch_data/150902/c2/CPP/CPP.mat (1 squares)

 Reading from /media/sahil/NCBS_Shares_BGStim/patch_data/150902/c2/CPP/CPP5.mat (5 squares)
c1 150904

 Reading from /media/sahil/NCBS_Shares_BGStim/patch_data/150904/c1/CPP/CPP.mat (1 squares)

 Reading from /media/sahil/NCBS_Shares_BGStim/patch_data/150904/c1/CPP/CPP5.mat (5 squares)
c3 150904

 Reading from /media/sahil/NCBS_Shares_BGStim/patch_data/150904/c3/CPP/CPP.mat (1 squares)
1_c4_150827 Control_RS_short

 Reading from /media/sahil/NCBS_Shares_BGStim/patch_data/RS_Analysis/Patch_Recording/Control_RS_short/1_c4_150827/CPP/CPP.mat (1 squares)

 Reading from /media/sahil/NCBS_Shares_BGStim/patch_data/RS_Analysis/Patch_Recording/Control_RS_short/1_c4_150827/CPP/CPP5.mat (5 squares)
2_c1_150828 Control_RS_short

 Reading from /media/sahil/NCBS_Shares_BGStim/patch_data/RS_Analysis/Patch_Recording/Control_RS_short/2_c1_150828/CPP/CPP.mat (1 squares)

 Reading from /media/sahil/NCBS_Shares_BGStim/patch_data/RS_Analysis/Patch_Recording/Control_RS_short/2_c1_150828/CPP/CPP5.mat (5 squares)
3_c1_150929 Control_RS_short

 Reading from /media/sahil/NCBS_Shares_BGStim/patch_data/RS_Analysis/Patch_Recording/Control_RS_short/3_c1_150929/CPP/CPP.mat (1 squares)

 Reading from /media/sahil/NCBS_Shares_BGStim/patch_data/RS_Analysis/Patch_Recording/Control_RS_short/3_c1_150929/CPP/CPP5.mat (5 squares)
6_c2_160513 Control_RS_short

 Reading from /media/sahil/NCBS_Shares_BGStim/patch_data/RS_Analysis/Patch_Recording/Control_RS_short/6_c2_160513/CPP/CPP.mat (1 squares)

 Reading from /media/sahil/NCBS_Shares_BGStim/patch_data/RS_Analysis/Patch_Recording/Control_RS_short/6_c2_160513/CPP/CPP5.mat (5 squares)
5_c4_160122 RS_TBS_short

 Reading from /media/sahil/NCBS_Shares_BGStim/patch_data/RS_Analysis/Patch_Recording/RS_TBS_short/5_c4_160122/CPP/CPP.mat (1 squares)

 Reading from /media/sahil/NCBS_Shares_BGStim/patch_data/RS_Analysis/Patch_Recording/RS_TBS_short/5_c4_160122/CPP/CPP5.mat (5 squares)
c3 160126

 Reading from /media/sahil/NCBS_Shares_BGStim/patch_data/160126/c3/CPP/CPP.mat (1 squares)
c4 160209

 Reading from /media/sahil/NCBS_Shares_BGStim/patch_data/160209/c4/CPP/CPP.mat (1 squares)

 Reading from /media/sahil/NCBS_Shares_BGStim/patch_data/160209/c4/CPP/CPP5.mat (5 squares)
c5 160219
c2 160223

 Reading from /media/sahil/NCBS_Shares_BGStim/patch_data/160223/c2/CPP/CPP.mat (1 squares)

 Reading from /media/sahil/NCBS_Shares_BGStim/patch_data/160223/c2/CPP/CPP2.mat (2 squares)

 Reading from /media/sahil/NCBS_Shares_BGStim/patch_data/160223/c2/CPP/CPP3.mat (3 squares)
c5 160513

 Reading from /media/sahil/NCBS_Shares_BGStim/patch_data/160513/c5/CPP/CPP.mat (1 squares)

 Reading from /media/sahil/NCBS_Shares_BGStim/patch_data/160513/c5/CPP/CPP2.mat (2 squares)

 Reading from /media/sahil/NCBS_Shares_BGStim/patch_data/160513/c5/CPP/CPP3.mat (3 squares)

 Reading from /media/sahil/NCBS_Shares_BGStim/patch_data/160513/c5/CPP/CPP5.mat (5 squares)
c5 160617

 Reading from /media/sahil/NCBS_Shares_BGStim/patch_data/160617/c5/CPP/CPP.mat (1 squares)

 Reading from /media/sahil/NCBS_Shares_BGStim/patch_data/160617/c5/CPP/CPP2.mat (2 squares)

 Reading from /media/sahil/NCBS_Shares_BGStim/patch_data/160617/c5/CPP/CPP3.mat (3 squares)

 Reading from /media/sahil/NCBS_Shares_BGStim/patch_data/160617/c5/CPP/CPP5.mat (5 squares)
c2 160817

 Reading from /media/sahil/NCBS_Shares_BGStim/patch_data/160817/c2/CPP/CPP.mat (1 squares)

 Reading from /media/sahil/NCBS_Shares_BGStim/patch_data/160817/c2/CPP/CPP2.mat (2 squares)

 Reading from /media/sahil/NCBS_Shares_BGStim/patch_data/160817/c2/CPP/CPP5.mat (5 squares)
c4 160817
c1 160830

 Reading from /media/sahil/NCBS_Shares_BGStim/patch_data/160830/c1/CPP/CPP.mat (1 squares)

 Reading from /media/sahil/NCBS_Shares_BGStim/patch_data/160830/c1/CPP/CPP5.mat (5 squares)
c1 160920

 Reading from /media/sahil/NCBS_Shares_BGStim/patch_data/160920/c1/CPP/CPP.mat (1 squares)

 Reading from /media/sahil/NCBS_Shares_BGStim/patch_data/160920/c1/CPP/CPP2.mat (2 squares)
[(10, 4), (10, 4)] frozenset([(10, 4)]) Same coordinate multiple times in the combination!
c5 160927

 Reading from /media/sahil/NCBS_Shares_BGStim/patch_data/160927/c5/CPP/CPP.mat (1 squares)

 Reading from /media/sahil/NCBS_Shares_BGStim/patch_data/160927/c5/CPP/CPP2.mat (2 squares)

 Reading from /media/sahil/NCBS_Shares_BGStim/patch_data/160927/c5/CPP/CPP3.mat (3 squares)

 Reading from /media/sahil/NCBS_Shares_BGStim/patch_data/160927/c5/CPP/CPP5.mat (5 squares)
[(9, 3), (9, 9), (9, 5), (3, 7), (9, 3)] frozenset([(9, 5), (9, 3), (9, 9), (3, 7)]) Same coordinate multiple times in the combination!
[(9, 3), (9, 9), (9, 5), (3, 7), (9, 3)] frozenset([(9, 5), (9, 3), (9, 9), (3, 7)]) Same coordinate multiple times in the combination!
[(9, 3), (9, 9), (9, 5), (3, 7), (9, 3)] frozenset([(9, 5), (9, 3), (9, 9), (3, 7)]) Same coordinate multiple times in the combination!

 Reading from /media/sahil/NCBS_Shares_BGStim/patch_data/160927/c5/CPP/CPP7.mat (7 squares)
[(7, 9), (7, 5), (5, 9), (5, 11), (9, 3), (1, 5), (7, 9)] frozenset([(5, 9), (5, 11), (9, 3), (1, 5), (7, 5), (7, 9)]) Same coordinate multiple times in the combination!
[(7, 5), (7, 5), (7, 7), (9, 5), (5, 11), (7, 9), (3, 3)] frozenset([(3, 3), (5, 11), (7, 7), (7, 5), (9, 5), (7, 9)]) Same coordinate multiple times in the combination!
[(11, 7), (9, 3), (5, 7), (5, 5), (7, 3), (7, 11), (9, 3)] frozenset([(11, 7), (5, 7), (5, 5), (7, 3), (9, 3), (7, 11)]) Same coordinate multiple times in the combination!
[(7, 9), (7, 5), (5, 9), (5, 11), (9, 3), (1, 5), (7, 9)] frozenset([(5, 9), (5, 11), (9, 3), (1, 5), (7, 5), (7, 9)]) Same coordinate multiple times in the combination!
[(7, 5), (7, 5), (7, 7), (9, 5), (5, 11), (7, 9), (3, 3)] frozenset([(3, 3), (5, 11), (7, 7), (7, 5), (9, 5), (7, 9)]) Same coordinate multiple times in the combination!
[(11, 7), (9, 3), (5, 7), (5, 5), (7, 3), (7, 11), (9, 3)] frozenset([(11, 7), (5, 7), (5, 5), (7, 3), (9, 3), (7, 11)]) Same coordinate multiple times in the combination!
[(7, 9), (7, 5), (5, 9), (5, 11), (9, 3), (1, 5), (7, 9)] frozenset([(5, 9), (5, 11), (9, 3), (1, 5), (7, 5), (7, 9)]) Same coordinate multiple times in the combination!
[(7, 5), (7, 5), (7, 7), (9, 5), (5, 11), (7, 9), (3, 3)] frozenset([(3, 3), (5, 11), (7, 7), (7, 5), (9, 5), (7, 9)]) Same coordinate multiple times in the combination!
[(11, 7), (9, 3), (5, 7), (5, 5), (7, 3), (7, 11), (9, 3)] frozenset([(11, 7), (5, 7), (5, 5), (7, 3), (9, 3), (7, 11)]) Same coordinate multiple times in the combination!

 Reading from /media/sahil/NCBS_Shares_BGStim/patch_data/160927/c5/GABAzine/CPP/CPP.mat (1 squares)

 Reading from /media/sahil/NCBS_Shares_BGStim/patch_data/160927/c5/GABAzine/CPP/CPP2.mat (2 squares)

 Reading from /media/sahil/NCBS_Shares_BGStim/patch_data/160927/c5/GABAzine/CPP/CPP3.mat (3 squares)

 Reading from /media/sahil/NCBS_Shares_BGStim/patch_data/160927/c5/GABAzine/CPP/CPP5.mat (5 squares)
[(9, 3), (9, 9), (9, 5), (3, 7), (9, 3)] frozenset([(9, 5), (9, 3), (9, 9), (3, 7)]) Same coordinate multiple times in the combination!
[(9, 3), (9, 9), (9, 5), (3, 7), (9, 3)] frozenset([(9, 5), (9, 3), (9, 9), (3, 7)]) Same coordinate multiple times in the combination!
[(9, 3), (9, 9), (9, 5), (3, 7), (9, 3)] frozenset([(9, 5), (9, 3), (9, 9), (3, 7)]) Same coordinate multiple times in the combination!
[(9, 3), (9, 9), (9, 5), (3, 7), (9, 3)] frozenset([(9, 5), (9, 3), (9, 9), (3, 7)]) Same coordinate multiple times in the combination!

 Reading from /media/sahil/NCBS_Shares_BGStim/patch_data/160927/c5/GABAzine/CPP/CPP7.mat (7 squares)
[(7, 9), (7, 5), (5, 9), (5, 11), (9, 3), (1, 5), (7, 9)] frozenset([(5, 9), (5, 11), (9, 3), (1, 5), (7, 5), (7, 9)]) Same coordinate multiple times in the combination!
[(7, 5), (7, 5), (7, 7), (9, 5), (5, 11), (7, 9), (3, 3)] frozenset([(3, 3), (5, 11), (7, 7), (7, 5), (9, 5), (7, 9)]) Same coordinate multiple times in the combination!
[(11, 7), (9, 3), (5, 7), (5, 5), (7, 3), (7, 11), (9, 3)] frozenset([(11, 7), (5, 7), (5, 5), (7, 3), (9, 3), (7, 11)]) Same coordinate multiple times in the combination!
[(7, 9), (7, 5), (5, 9), (5, 11), (9, 3), (1, 5), (7, 9)] frozenset([(5, 9), (5, 11), (9, 3), (1, 5), (7, 5), (7, 9)]) Same coordinate multiple times in the combination!
[(7, 5), (7, 5), (7, 7), (9, 5), (5, 11), (7, 9), (3, 3)] frozenset([(3, 3), (5, 11), (7, 7), (7, 5), (9, 5), (7, 9)]) Same coordinate multiple times in the combination!
[(11, 7), (9, 3), (5, 7), (5, 5), (7, 3), (7, 11), (9, 3)] frozenset([(11, 7), (5, 7), (5, 5), (7, 3), (9, 3), (7, 11)]) Same coordinate multiple times in the combination!
[(7, 9), (7, 5), (5, 9), (5, 11), (9, 3), (1, 5), (7, 9)] frozenset([(5, 9), (5, 11), (9, 3), (1, 5), (7, 5), (7, 9)]) Same coordinate multiple times in the combination!
[(7, 5), (7, 5), (7, 7), (9, 5), (5, 11), (7, 9), (3, 3)] frozenset([(3, 3), (5, 11), (7, 7), (7, 5), (9, 5), (7, 9)]) Same coordinate multiple times in the combination!
[(11, 7), (9, 3), (5, 7), (5, 5), (7, 3), (7, 11), (9, 3)] frozenset([(11, 7), (5, 7), (5, 5), (7, 3), (9, 3), (7, 11)]) Same coordinate multiple times in the combination!

 Reading from /media/sahil/NCBS_Shares_BGStim/patch_data/160927/c5/GABAzine/CPP/CPP9.mat (9 squares)
[(5, 9), (11, 5), (9, 3), (9, 9), (9, 5), (3, 7), (9, 3), (7, 1), (5, 11)] frozenset([(5, 9), (11, 5), (9, 3), (9, 9), (7, 1), (3, 7), (9, 5), (5, 11)]) Same coordinate multiple times in the combination!
[(1, 5), (1, 7), (5, 5), (3, 5), (7, 5), (11, 5), (1, 5), (3, 9), (9, 3)] frozenset([(5, 5), (11, 5), (9, 3), (1, 5), (7, 5), (1, 7), (3, 9), (3, 5)]) Same coordinate multiple times in the combination!
[(9, 9), (7, 9), (7, 5), (5, 9), (5, 11), (9, 3), (1, 5), (7, 9), (3, 9)] frozenset([(5, 9), (5, 11), (9, 3), (9, 9), (1, 5), (7, 5), (3, 9), (7, 9)]) Same coordinate multiple times in the combination!
[(7, 7), (7, 3), (7, 5), (7, 5), (7, 7), (9, 5), (5, 11), (7, 9), (3, 3)] frozenset([(7, 3), (3, 3), (5, 11), (7, 7), (7, 5), (9, 5), (7, 9)]) Same coordinate multiple times in the combination!
[(5, 9), (11, 5), (9, 3), (9, 9), (9, 5), (3, 7), (9, 3), (7, 1), (5, 11)] frozenset([(5, 9), (11, 5), (9, 3), (9, 9), (7, 1), (3, 7), (9, 5), (5, 11)]) Same coordinate multiple times in the combination!
[(1, 5), (1, 7), (5, 5), (3, 5), (7, 5), (11, 5), (1, 5), (3, 9), (9, 3)] frozenset([(5, 5), (11, 5), (9, 3), (1, 5), (7, 5), (1, 7), (3, 9), (3, 5)]) Same coordinate multiple times in the combination!
[(9, 9), (7, 9), (7, 5), (5, 9), (5, 11), (9, 3), (1, 5), (7, 9), (3, 9)] frozenset([(5, 9), (5, 11), (9, 3), (9, 9), (1, 5), (7, 5), (3, 9), (7, 9)]) Same coordinate multiple times in the combination!
[(7, 7), (7, 3), (7, 5), (7, 5), (7, 7), (9, 5), (5, 11), (7, 9), (3, 3)] frozenset([(7, 3), (3, 3), (5, 11), (7, 7), (7, 5), (9, 5), (7, 9)]) Same coordinate multiple times in the combination!
[(5, 9), (11, 5), (9, 3), (9, 9), (9, 5), (3, 7), (9, 3), (7, 1), (5, 11)] frozenset([(5, 9), (11, 5), (9, 3), (9, 9), (7, 1), (3, 7), (9, 5), (5, 11)]) Same coordinate multiple times in the combination!
[(1, 5), (1, 7), (5, 5), (3, 5), (7, 5), (11, 5), (1, 5), (3, 9), (9, 3)] frozenset([(5, 5), (11, 5), (9, 3), (1, 5), (7, 5), (1, 7), (3, 9), (3, 5)]) Same coordinate multiple times in the combination!
[(9, 9), (7, 9), (7, 5), (5, 9), (5, 11), (9, 3), (1, 5), (7, 9), (3, 9)] frozenset([(5, 9), (5, 11), (9, 3), (9, 9), (1, 5), (7, 5), (3, 9), (7, 9)]) Same coordinate multiple times in the combination!
[(7, 7), (7, 3), (7, 5), (7, 5), (7, 7), (9, 5), (5, 11), (7, 9), (3, 3)] frozenset([(7, 3), (3, 3), (5, 11), (7, 7), (7, 5), (9, 5), (7, 9)]) Same coordinate multiple times in the combination!
[(5, 9), (11, 5), (9, 3), (9, 9), (9, 5), (3, 7), (9, 3), (7, 1), (5, 11)] frozenset([(5, 9), (11, 5), (9, 3), (9, 9), (7, 1), (3, 7), (9, 5), (5, 11)]) Same coordinate multiple times in the combination!
c3 160927

 Reading from /media/sahil/NCBS_Shares_BGStim/patch_data/160927/c3/CPP/CPP.mat (1 squares)

 Reading from /media/sahil/NCBS_Shares_BGStim/patch_data/160927/c3/CPP/CPP2.mat (2 squares)

 Reading from /media/sahil/NCBS_Shares_BGStim/patch_data/160927/c3/CPP/CPP3.mat (3 squares)

 Reading from /media/sahil/NCBS_Shares_BGStim/patch_data/160927/c3/CPP/CPP5.mat (5 squares)
[(9, 3), (9, 9), (9, 5), (3, 7), (9, 3)] frozenset([(9, 5), (9, 3), (9, 9), (3, 7)]) Same coordinate multiple times in the combination!
[(9, 3), (9, 9), (9, 5), (3, 7), (9, 3)] frozenset([(9, 5), (9, 3), (9, 9), (3, 7)]) Same coordinate multiple times in the combination!
[(9, 3), (9, 9), (9, 5), (3, 7), (9, 3)] frozenset([(9, 5), (9, 3), (9, 9), (3, 7)]) Same coordinate multiple times in the combination!
[(9, 3), (9, 9), (9, 5), (3, 7), (9, 3)] frozenset([(9, 5), (9, 3), (9, 9), (3, 7)]) Same coordinate multiple times in the combination!

 Reading from /media/sahil/NCBS_Shares_BGStim/patch_data/160927/c3/CPP/CPP7.mat (7 squares)
[(7, 9), (7, 5), (5, 9), (5, 11), (9, 3), (1, 5), (7, 9)] frozenset([(5, 9), (5, 11), (9, 3), (1, 5), (7, 5), (7, 9)]) Same coordinate multiple times in the combination!
[(7, 5), (7, 5), (7, 7), (9, 5), (5, 11), (7, 9), (3, 3)] frozenset([(3, 3), (5, 11), (7, 7), (7, 5), (9, 5), (7, 9)]) Same coordinate multiple times in the combination!
[(11, 7), (9, 3), (5, 7), (5, 5), (7, 3), (7, 11), (9, 3)] frozenset([(11, 7), (5, 7), (5, 5), (7, 3), (9, 3), (7, 11)]) Same coordinate multiple times in the combination!
[(7, 9), (7, 5), (5, 9), (5, 11), (9, 3), (1, 5), (7, 9)] frozenset([(5, 9), (5, 11), (9, 3), (1, 5), (7, 5), (7, 9)]) Same coordinate multiple times in the combination!
[(7, 5), (7, 5), (7, 7), (9, 5), (5, 11), (7, 9), (3, 3)] frozenset([(3, 3), (5, 11), (7, 7), (7, 5), (9, 5), (7, 9)]) Same coordinate multiple times in the combination!
[(11, 7), (9, 3), (5, 7), (5, 5), (7, 3), (7, 11), (9, 3)] frozenset([(11, 7), (5, 7), (5, 5), (7, 3), (9, 3), (7, 11)]) Same coordinate multiple times in the combination!
[(7, 9), (7, 5), (5, 9), (5, 11), (9, 3), (1, 5), (7, 9)] frozenset([(5, 9), (5, 11), (9, 3), (1, 5), (7, 5), (7, 9)]) Same coordinate multiple times in the combination!
[(7, 5), (7, 5), (7, 7), (9, 5), (5, 11), (7, 9), (3, 3)] frozenset([(3, 3), (5, 11), (7, 7), (7, 5), (9, 5), (7, 9)]) Same coordinate multiple times in the combination!
[(11, 7), (9, 3), (5, 7), (5, 5), (7, 3), (7, 11), (9, 3)] frozenset([(11, 7), (5, 7), (5, 5), (7, 3), (9, 3), (7, 11)]) Same coordinate multiple times in the combination!

 Reading from /media/sahil/NCBS_Shares_BGStim/patch_data/160927/c3/CPP/CPP9.mat (9 squares)
[(5, 9), (11, 5), (9, 3), (9, 9), (9, 5), (3, 7), (9, 3), (7, 1), (5, 11)] frozenset([(5, 9), (11, 5), (9, 3), (9, 9), (7, 1), (3, 7), (9, 5), (5, 11)]) Same coordinate multiple times in the combination!
[(1, 5), (1, 7), (5, 5), (3, 5), (7, 5), (11, 5), (1, 5), (3, 9), (9, 3)] frozenset([(5, 5), (11, 5), (9, 3), (1, 5), (7, 5), (1, 7), (3, 9), (3, 5)]) Same coordinate multiple times in the combination!
[(9, 9), (7, 9), (7, 5), (5, 9), (5, 11), (9, 3), (1, 5), (7, 9), (3, 9)] frozenset([(5, 9), (5, 11), (9, 3), (9, 9), (1, 5), (7, 5), (3, 9), (7, 9)]) Same coordinate multiple times in the combination!
[(7, 7), (7, 3), (7, 5), (7, 5), (7, 7), (9, 5), (5, 11), (7, 9), (3, 3)] frozenset([(7, 3), (3, 3), (5, 11), (7, 7), (7, 5), (9, 5), (7, 9)]) Same coordinate multiple times in the combination!
[(5, 9), (11, 5), (9, 3), (9, 9), (9, 5), (3, 7), (9, 3), (7, 1), (5, 11)] frozenset([(5, 9), (11, 5), (9, 3), (9, 9), (7, 1), (3, 7), (9, 5), (5, 11)]) Same coordinate multiple times in the combination!
[(1, 5), (1, 7), (5, 5), (3, 5), (7, 5), (11, 5), (1, 5), (3, 9), (9, 3)] frozenset([(5, 5), (11, 5), (9, 3), (1, 5), (7, 5), (1, 7), (3, 9), (3, 5)]) Same coordinate multiple times in the combination!
[(9, 9), (7, 9), (7, 5), (5, 9), (5, 11), (9, 3), (1, 5), (7, 9), (3, 9)] frozenset([(5, 9), (5, 11), (9, 3), (9, 9), (1, 5), (7, 5), (3, 9), (7, 9)]) Same coordinate multiple times in the combination!
[(7, 7), (7, 3), (7, 5), (7, 5), (7, 7), (9, 5), (5, 11), (7, 9), (3, 3)] frozenset([(7, 3), (3, 3), (5, 11), (7, 7), (7, 5), (9, 5), (7, 9)]) Same coordinate multiple times in the combination!
[(5, 9), (11, 5), (9, 3), (9, 9), (9, 5), (3, 7), (9, 3), (7, 1), (5, 11)] frozenset([(5, 9), (11, 5), (9, 3), (9, 9), (7, 1), (3, 7), (9, 5), (5, 11)]) Same coordinate multiple times in the combination!
[(1, 5), (1, 7), (5, 5), (3, 5), (7, 5), (11, 5), (1, 5), (3, 9), (9, 3)] frozenset([(5, 5), (11, 5), (9, 3), (1, 5), (7, 5), (1, 7), (3, 9), (3, 5)]) Same coordinate multiple times in the combination!
[(9, 9), (7, 9), (7, 5), (5, 9), (5, 11), (9, 3), (1, 5), (7, 9), (3, 9)] frozenset([(5, 9), (5, 11), (9, 3), (9, 9), (1, 5), (7, 5), (3, 9), (7, 9)]) Same coordinate multiple times in the combination!
[(7, 7), (7, 3), (7, 5), (7, 5), (7, 7), (9, 5), (5, 11), (7, 9), (3, 3)] frozenset([(7, 3), (3, 3), (5, 11), (7, 7), (7, 5), (9, 5), (7, 9)]) Same coordinate multiple times in the combination!
c1 160927

 Reading from /media/sahil/NCBS_Shares_BGStim/patch_data/160927/c1/CPP/CPP.mat (1 squares)

 Reading from /media/sahil/NCBS_Shares_BGStim/patch_data/160927/c1/CPP/CPP2.mat (2 squares)

 Reading from /media/sahil/NCBS_Shares_BGStim/patch_data/160927/c1/CPP/CPP3.mat (3 squares)

 Reading from /media/sahil/NCBS_Shares_BGStim/patch_data/160927/c1/CPP/CPP5.mat (5 squares)
[(9, 3), (9, 9), (9, 5), (3, 7), (9, 3)] frozenset([(9, 5), (9, 3), (9, 9), (3, 7)]) Same coordinate multiple times in the combination!
[(9, 3), (9, 9), (9, 5), (3, 7), (9, 3)] frozenset([(9, 5), (9, 3), (9, 9), (3, 7)]) Same coordinate multiple times in the combination!
[(9, 3), (9, 9), (9, 5), (3, 7), (9, 3)] frozenset([(9, 5), (9, 3), (9, 9), (3, 7)]) Same coordinate multiple times in the combination!
[(9, 3), (9, 9), (9, 5), (3, 7), (9, 3)] frozenset([(9, 5), (9, 3), (9, 9), (3, 7)]) Same coordinate multiple times in the combination!

 Reading from /media/sahil/NCBS_Shares_BGStim/patch_data/160927/c1/CPP/CPP7.mat (7 squares)
[(7, 9), (7, 5), (5, 9), (5, 11), (9, 3), (1, 5), (7, 9)] frozenset([(5, 9), (5, 11), (9, 3), (1, 5), (7, 5), (7, 9)]) Same coordinate multiple times in the combination!
[(7, 5), (7, 5), (7, 7), (9, 5), (5, 11), (7, 9), (3, 3)] frozenset([(3, 3), (5, 11), (7, 7), (7, 5), (9, 5), (7, 9)]) Same coordinate multiple times in the combination!
[(11, 7), (9, 3), (5, 7), (5, 5), (7, 3), (7, 11), (9, 3)] frozenset([(11, 7), (5, 7), (5, 5), (7, 3), (9, 3), (7, 11)]) Same coordinate multiple times in the combination!
[(7, 9), (7, 5), (5, 9), (5, 11), (9, 3), (1, 5), (7, 9)] frozenset([(5, 9), (5, 11), (9, 3), (1, 5), (7, 5), (7, 9)]) Same coordinate multiple times in the combination!
[(7, 5), (7, 5), (7, 7), (9, 5), (5, 11), (7, 9), (3, 3)] frozenset([(3, 3), (5, 11), (7, 7), (7, 5), (9, 5), (7, 9)]) Same coordinate multiple times in the combination!
[(11, 7), (9, 3), (5, 7), (5, 5), (7, 3), (7, 11), (9, 3)] frozenset([(11, 7), (5, 7), (5, 5), (7, 3), (9, 3), (7, 11)]) Same coordinate multiple times in the combination!
[(7, 9), (7, 5), (5, 9), (5, 11), (9, 3), (1, 5), (7, 9)] frozenset([(5, 9), (5, 11), (9, 3), (1, 5), (7, 5), (7, 9)]) Same coordinate multiple times in the combination!
[(7, 5), (7, 5), (7, 7), (9, 5), (5, 11), (7, 9), (3, 3)] frozenset([(3, 3), (5, 11), (7, 7), (7, 5), (9, 5), (7, 9)]) Same coordinate multiple times in the combination!
[(11, 7), (9, 3), (5, 7), (5, 5), (7, 3), (7, 11), (9, 3)] frozenset([(11, 7), (5, 7), (5, 5), (7, 3), (9, 3), (7, 11)]) Same coordinate multiple times in the combination!

 Reading from /media/sahil/NCBS_Shares_BGStim/patch_data/160927/c1/CPP/CPP9.mat (9 squares)
[(5, 9), (11, 5), (9, 3), (9, 9), (9, 5), (3, 7), (9, 3), (7, 1), (5, 11)] frozenset([(5, 9), (11, 5), (9, 3), (9, 9), (7, 1), (3, 7), (9, 5), (5, 11)]) Same coordinate multiple times in the combination!
[(1, 5), (1, 7), (5, 5), (3, 5), (7, 5), (11, 5), (1, 5), (3, 9), (9, 3)] frozenset([(5, 5), (11, 5), (9, 3), (1, 5), (7, 5), (1, 7), (3, 9), (3, 5)]) Same coordinate multiple times in the combination!
[(9, 9), (7, 9), (7, 5), (5, 9), (5, 11), (9, 3), (1, 5), (7, 9), (3, 9)] frozenset([(5, 9), (5, 11), (9, 3), (9, 9), (1, 5), (7, 5), (3, 9), (7, 9)]) Same coordinate multiple times in the combination!
[(7, 7), (7, 3), (7, 5), (7, 5), (7, 7), (9, 5), (5, 11), (7, 9), (3, 3)] frozenset([(7, 3), (3, 3), (5, 11), (7, 7), (7, 5), (9, 5), (7, 9)]) Same coordinate multiple times in the combination!
[(5, 9), (11, 5), (9, 3), (9, 9), (9, 5), (3, 7), (9, 3), (7, 1), (5, 11)] frozenset([(5, 9), (11, 5), (9, 3), (9, 9), (7, 1), (3, 7), (9, 5), (5, 11)]) Same coordinate multiple times in the combination!
[(1, 5), (1, 7), (5, 5), (3, 5), (7, 5), (11, 5), (1, 5), (3, 9), (9, 3)] frozenset([(5, 5), (11, 5), (9, 3), (1, 5), (7, 5), (1, 7), (3, 9), (3, 5)]) Same coordinate multiple times in the combination!
[(9, 9), (7, 9), (7, 5), (5, 9), (5, 11), (9, 3), (1, 5), (7, 9), (3, 9)] frozenset([(5, 9), (5, 11), (9, 3), (9, 9), (1, 5), (7, 5), (3, 9), (7, 9)]) Same coordinate multiple times in the combination!
[(7, 7), (7, 3), (7, 5), (7, 5), (7, 7), (9, 5), (5, 11), (7, 9), (3, 3)] frozenset([(7, 3), (3, 3), (5, 11), (7, 7), (7, 5), (9, 5), (7, 9)]) Same coordinate multiple times in the combination!
[(5, 9), (11, 5), (9, 3), (9, 9), (9, 5), (3, 7), (9, 3), (7, 1), (5, 11)] frozenset([(5, 9), (11, 5), (9, 3), (9, 9), (7, 1), (3, 7), (9, 5), (5, 11)]) Same coordinate multiple times in the combination!
[(1, 5), (1, 7), (5, 5), (3, 5), (7, 5), (11, 5), (1, 5), (3, 9), (9, 3)] frozenset([(5, 5), (11, 5), (9, 3), (1, 5), (7, 5), (1, 7), (3, 9), (3, 5)]) Same coordinate multiple times in the combination!
[(9, 9), (7, 9), (7, 5), (5, 9), (5, 11), (9, 3), (1, 5), (7, 9), (3, 9)] frozenset([(5, 9), (5, 11), (9, 3), (9, 9), (1, 5), (7, 5), (3, 9), (7, 9)]) Same coordinate multiple times in the combination!
[(7, 7), (7, 3), (7, 5), (7, 5), (7, 7), (9, 5), (5, 11), (7, 9), (3, 3)] frozenset([(7, 3), (3, 3), (5, 11), (7, 7), (7, 5), (9, 5), (7, 9)]) Same coordinate multiple times in the combination!

 Reading from /media/sahil/NCBS_Shares_BGStim/patch_data/160927/c1/GABAzine/CPP/CPP.mat (1 squares)

 Reading from /media/sahil/NCBS_Shares_BGStim/patch_data/160927/c1/GABAzine/CPP/CPP2.mat (2 squares)

 Reading from /media/sahil/NCBS_Shares_BGStim/patch_data/160927/c1/GABAzine/CPP/CPP3.mat (3 squares)

 Reading from /media/sahil/NCBS_Shares_BGStim/patch_data/160927/c1/GABAzine/CPP/CPP5.mat (5 squares)
[(9, 3), (9, 9), (9, 5), (3, 7), (9, 3)] frozenset([(9, 5), (9, 3), (9, 9), (3, 7)]) Same coordinate multiple times in the combination!
[(9, 3), (9, 9), (9, 5), (3, 7), (9, 3)] frozenset([(9, 5), (9, 3), (9, 9), (3, 7)]) Same coordinate multiple times in the combination!
[(9, 3), (9, 9), (9, 5), (3, 7), (9, 3)] frozenset([(9, 5), (9, 3), (9, 9), (3, 7)]) Same coordinate multiple times in the combination!

 Reading from /media/sahil/NCBS_Shares_BGStim/patch_data/160927/c1/GABAzine/CPP/CPP7.mat (7 squares)
[(7, 9), (7, 5), (5, 9), (5, 11), (9, 3), (1, 5), (7, 9)] frozenset([(5, 9), (5, 11), (9, 3), (1, 5), (7, 5), (7, 9)]) Same coordinate multiple times in the combination!
[(7, 5), (7, 5), (7, 7), (9, 5), (5, 11), (7, 9), (3, 3)] frozenset([(3, 3), (5, 11), (7, 7), (7, 5), (9, 5), (7, 9)]) Same coordinate multiple times in the combination!
[(11, 7), (9, 3), (5, 7), (5, 5), (7, 3), (7, 11), (9, 3)] frozenset([(11, 7), (5, 7), (5, 5), (7, 3), (9, 3), (7, 11)]) Same coordinate multiple times in the combination!
[(7, 9), (7, 5), (5, 9), (5, 11), (9, 3), (1, 5), (7, 9)] frozenset([(5, 9), (5, 11), (9, 3), (1, 5), (7, 5), (7, 9)]) Same coordinate multiple times in the combination!
[(7, 5), (7, 5), (7, 7), (9, 5), (5, 11), (7, 9), (3, 3)] frozenset([(3, 3), (5, 11), (7, 7), (7, 5), (9, 5), (7, 9)]) Same coordinate multiple times in the combination!
[(11, 7), (9, 3), (5, 7), (5, 5), (7, 3), (7, 11), (9, 3)] frozenset([(11, 7), (5, 7), (5, 5), (7, 3), (9, 3), (7, 11)]) Same coordinate multiple times in the combination!
[(7, 9), (7, 5), (5, 9), (5, 11), (9, 3), (1, 5), (7, 9)] frozenset([(5, 9), (5, 11), (9, 3), (1, 5), (7, 5), (7, 9)]) Same coordinate multiple times in the combination!
[(7, 5), (7, 5), (7, 7), (9, 5), (5, 11), (7, 9), (3, 3)] frozenset([(3, 3), (5, 11), (7, 7), (7, 5), (9, 5), (7, 9)]) Same coordinate multiple times in the combination!
[(11, 7), (9, 3), (5, 7), (5, 5), (7, 3), (7, 11), (9, 3)] frozenset([(11, 7), (5, 7), (5, 5), (7, 3), (9, 3), (7, 11)]) Same coordinate multiple times in the combination!

 Reading from /media/sahil/NCBS_Shares_BGStim/patch_data/160927/c1/GABAzine/CPP/CPP9.mat (9 squares)
[(5, 9), (11, 5), (9, 3), (9, 9), (9, 5), (3, 7), (9, 3), (7, 1), (5, 11)] frozenset([(5, 9), (11, 5), (9, 3), (9, 9), (7, 1), (3, 7), (9, 5), (5, 11)]) Same coordinate multiple times in the combination!
[(1, 5), (1, 7), (5, 5), (3, 5), (7, 5), (11, 5), (1, 5), (3, 9), (9, 3)] frozenset([(5, 5), (11, 5), (9, 3), (1, 5), (7, 5), (1, 7), (3, 9), (3, 5)]) Same coordinate multiple times in the combination!
[(9, 9), (7, 9), (7, 5), (5, 9), (5, 11), (9, 3), (1, 5), (7, 9), (3, 9)] frozenset([(5, 9), (5, 11), (9, 3), (9, 9), (1, 5), (7, 5), (3, 9), (7, 9)]) Same coordinate multiple times in the combination!
[(7, 7), (7, 3), (7, 5), (7, 5), (7, 7), (9, 5), (5, 11), (7, 9), (3, 3)] frozenset([(7, 3), (3, 3), (5, 11), (7, 7), (7, 5), (9, 5), (7, 9)]) Same coordinate multiple times in the combination!
[(5, 9), (11, 5), (9, 3), (9, 9), (9, 5), (3, 7), (9, 3), (7, 1), (5, 11)] frozenset([(5, 9), (11, 5), (9, 3), (9, 9), (7, 1), (3, 7), (9, 5), (5, 11)]) Same coordinate multiple times in the combination!
[(1, 5), (1, 7), (5, 5), (3, 5), (7, 5), (11, 5), (1, 5), (3, 9), (9, 3)] frozenset([(5, 5), (11, 5), (9, 3), (1, 5), (7, 5), (1, 7), (3, 9), (3, 5)]) Same coordinate multiple times in the combination!
[(9, 9), (7, 9), (7, 5), (5, 9), (5, 11), (9, 3), (1, 5), (7, 9), (3, 9)] frozenset([(5, 9), (5, 11), (9, 3), (9, 9), (1, 5), (7, 5), (3, 9), (7, 9)]) Same coordinate multiple times in the combination!
[(7, 7), (7, 3), (7, 5), (7, 5), (7, 7), (9, 5), (5, 11), (7, 9), (3, 3)] frozenset([(7, 3), (3, 3), (5, 11), (7, 7), (7, 5), (9, 5), (7, 9)]) Same coordinate multiple times in the combination!
[(5, 9), (11, 5), (9, 3), (9, 9), (9, 5), (3, 7), (9, 3), (7, 1), (5, 11)] frozenset([(5, 9), (11, 5), (9, 3), (9, 9), (7, 1), (3, 7), (9, 5), (5, 11)]) Same coordinate multiple times in the combination!
[(1, 5), (1, 7), (5, 5), (3, 5), (7, 5), (11, 5), (1, 5), (3, 9), (9, 3)] frozenset([(5, 5), (11, 5), (9, 3), (1, 5), (7, 5), (1, 7), (3, 9), (3, 5)]) Same coordinate multiple times in the combination!
[(9, 9), (7, 9), (7, 5), (5, 9), (5, 11), (9, 3), (1, 5), (7, 9), (3, 9)] frozenset([(5, 9), (5, 11), (9, 3), (9, 9), (1, 5), (7, 5), (3, 9), (7, 9)]) Same coordinate multiple times in the combination!
[(7, 7), (7, 3), (7, 5), (7, 5), (7, 7), (9, 5), (5, 11), (7, 9), (3, 3)] frozenset([(7, 3), (3, 3), (5, 11), (7, 7), (7, 5), (9, 5), (7, 9)]) Same coordinate multiple times in the combination!
c3 160928

 Reading from /media/sahil/NCBS_Shares_BGStim/patch_data/160928/c3/CPP/CPP.mat (1 squares)

 Reading from /media/sahil/NCBS_Shares_BGStim/patch_data/160928/c3/CPP/CPP2.mat (2 squares)

 Reading from /media/sahil/NCBS_Shares_BGStim/patch_data/160928/c3/CPP/CPP3.mat (3 squares)

 Reading from /media/sahil/NCBS_Shares_BGStim/patch_data/160928/c3/CPP/CPP5.mat (5 squares)
[(9, 3), (9, 9), (9, 5), (3, 7), (9, 3)] frozenset([(9, 5), (9, 3), (9, 9), (3, 7)]) Same coordinate multiple times in the combination!
[(9, 3), (9, 9), (9, 5), (3, 7), (9, 3)] frozenset([(9, 5), (9, 3), (9, 9), (3, 7)]) Same coordinate multiple times in the combination!
[(9, 3), (9, 9), (9, 5), (3, 7), (9, 3)] frozenset([(9, 5), (9, 3), (9, 9), (3, 7)]) Same coordinate multiple times in the combination!
[(9, 3), (9, 9), (9, 5), (3, 7), (9, 3)] frozenset([(9, 5), (9, 3), (9, 9), (3, 7)]) Same coordinate multiple times in the combination!
c4 160928
c1 161013

 Reading from /media/sahil/NCBS_Shares_BGStim/patch_data/161013/c1/CPP/CPP.mat (1 squares)

 Reading from /media/sahil/NCBS_Shares_BGStim/patch_data/161013/c1/CPP/CPP2.mat (2 squares)

 Reading from /media/sahil/NCBS_Shares_BGStim/patch_data/161013/c1/CPP/CPP3.mat (3 squares)

 Reading from /media/sahil/NCBS_Shares_BGStim/patch_data/161013/c1/CPP/CPP5.mat (5 squares)
[(9, 3), (9, 9), (9, 5), (3, 7), (9, 3)] frozenset([(9, 5), (9, 3), (9, 9), (3, 7)]) Same coordinate multiple times in the combination!
[(9, 3), (9, 9), (9, 5), (3, 7), (9, 3)] frozenset([(9, 5), (9, 3), (9, 9), (3, 7)]) Same coordinate multiple times in the combination!
[(9, 3), (9, 9), (9, 5), (3, 7), (9, 3)] frozenset([(9, 5), (9, 3), (9, 9), (3, 7)]) Same coordinate multiple times in the combination!

 Reading from /media/sahil/NCBS_Shares_BGStim/patch_data/161013/c1/CPP/CPP7.mat (7 squares)
[(7, 9), (7, 5), (5, 9), (5, 11), (9, 3), (1, 5), (7, 9)] frozenset([(5, 9), (5, 11), (9, 3), (1, 5), (7, 5), (7, 9)]) Same coordinate multiple times in the combination!
[(7, 5), (7, 5), (7, 7), (9, 5), (5, 11), (7, 9), (3, 3)] frozenset([(3, 3), (5, 11), (7, 7), (7, 5), (9, 5), (7, 9)]) Same coordinate multiple times in the combination!
[(11, 7), (9, 3), (5, 7), (5, 5), (7, 3), (7, 11), (9, 3)] frozenset([(11, 7), (5, 7), (5, 5), (7, 3), (9, 3), (7, 11)]) Same coordinate multiple times in the combination!
[(7, 9), (7, 5), (5, 9), (5, 11), (9, 3), (1, 5), (7, 9)] frozenset([(5, 9), (5, 11), (9, 3), (1, 5), (7, 5), (7, 9)]) Same coordinate multiple times in the combination!
[(7, 5), (7, 5), (7, 7), (9, 5), (5, 11), (7, 9), (3, 3)] frozenset([(3, 3), (5, 11), (7, 7), (7, 5), (9, 5), (7, 9)]) Same coordinate multiple times in the combination!
[(11, 7), (9, 3), (5, 7), (5, 5), (7, 3), (7, 11), (9, 3)] frozenset([(11, 7), (5, 7), (5, 5), (7, 3), (9, 3), (7, 11)]) Same coordinate multiple times in the combination!
[(7, 9), (7, 5), (5, 9), (5, 11), (9, 3), (1, 5), (7, 9)] frozenset([(5, 9), (5, 11), (9, 3), (1, 5), (7, 5), (7, 9)]) Same coordinate multiple times in the combination!
[(7, 5), (7, 5), (7, 7), (9, 5), (5, 11), (7, 9), (3, 3)] frozenset([(3, 3), (5, 11), (7, 7), (7, 5), (9, 5), (7, 9)]) Same coordinate multiple times in the combination!
[(11, 7), (9, 3), (5, 7), (5, 5), (7, 3), (7, 11), (9, 3)] frozenset([(11, 7), (5, 7), (5, 5), (7, 3), (9, 3), (7, 11)]) Same coordinate multiple times in the combination!

 Reading from /media/sahil/NCBS_Shares_BGStim/patch_data/161013/c1/CPP/CPP9.mat (9 squares)
[(5, 9), (11, 5), (9, 3), (9, 9), (9, 5), (3, 7), (9, 3), (7, 1), (5, 11)] frozenset([(5, 9), (11, 5), (9, 3), (9, 9), (7, 1), (3, 7), (9, 5), (5, 11)]) Same coordinate multiple times in the combination!
[(1, 5), (1, 7), (5, 5), (3, 5), (7, 5), (11, 5), (1, 5), (3, 9), (9, 3)] frozenset([(5, 5), (11, 5), (9, 3), (1, 5), (7, 5), (1, 7), (3, 9), (3, 5)]) Same coordinate multiple times in the combination!
[(9, 9), (7, 9), (7, 5), (5, 9), (5, 11), (9, 3), (1, 5), (7, 9), (3, 9)] frozenset([(5, 9), (5, 11), (9, 3), (9, 9), (1, 5), (7, 5), (3, 9), (7, 9)]) Same coordinate multiple times in the combination!
[(7, 7), (7, 3), (7, 5), (7, 5), (7, 7), (9, 5), (5, 11), (7, 9), (3, 3)] frozenset([(7, 3), (3, 3), (5, 11), (7, 7), (7, 5), (9, 5), (7, 9)]) Same coordinate multiple times in the combination!
[(5, 9), (11, 5), (9, 3), (9, 9), (9, 5), (3, 7), (9, 3), (7, 1), (5, 11)] frozenset([(5, 9), (11, 5), (9, 3), (9, 9), (7, 1), (3, 7), (9, 5), (5, 11)]) Same coordinate multiple times in the combination!
[(1, 5), (1, 7), (5, 5), (3, 5), (7, 5), (11, 5), (1, 5), (3, 9), (9, 3)] frozenset([(5, 5), (11, 5), (9, 3), (1, 5), (7, 5), (1, 7), (3, 9), (3, 5)]) Same coordinate multiple times in the combination!
[(9, 9), (7, 9), (7, 5), (5, 9), (5, 11), (9, 3), (1, 5), (7, 9), (3, 9)] frozenset([(5, 9), (5, 11), (9, 3), (9, 9), (1, 5), (7, 5), (3, 9), (7, 9)]) Same coordinate multiple times in the combination!
[(7, 7), (7, 3), (7, 5), (7, 5), (7, 7), (9, 5), (5, 11), (7, 9), (3, 3)] frozenset([(7, 3), (3, 3), (5, 11), (7, 7), (7, 5), (9, 5), (7, 9)]) Same coordinate multiple times in the combination!
[(5, 9), (11, 5), (9, 3), (9, 9), (9, 5), (3, 7), (9, 3), (7, 1), (5, 11)] frozenset([(5, 9), (11, 5), (9, 3), (9, 9), (7, 1), (3, 7), (9, 5), (5, 11)]) Same coordinate multiple times in the combination!
[(1, 5), (1, 7), (5, 5), (3, 5), (7, 5), (11, 5), (1, 5), (3, 9), (9, 3)] frozenset([(5, 5), (11, 5), (9, 3), (1, 5), (7, 5), (1, 7), (3, 9), (3, 5)]) Same coordinate multiple times in the combination!
[(9, 9), (7, 9), (7, 5), (5, 9), (5, 11), (9, 3), (1, 5), (7, 9), (3, 9)] frozenset([(5, 9), (5, 11), (9, 3), (9, 9), (1, 5), (7, 5), (3, 9), (7, 9)]) Same coordinate multiple times in the combination!
[(7, 7), (7, 3), (7, 5), (7, 5), (7, 7), (9, 5), (5, 11), (7, 9), (3, 3)] frozenset([(7, 3), (3, 3), (5, 11), (7, 7), (7, 5), (9, 5), (7, 9)]) Same coordinate multiple times in the combination!

 Reading from /media/sahil/NCBS_Shares_BGStim/patch_data/161013/c1/GABAzine/CPP/CPP.mat (1 squares)

 Reading from /media/sahil/NCBS_Shares_BGStim/patch_data/161013/c1/GABAzine/CPP/CPP2.mat (2 squares)

 Reading from /media/sahil/NCBS_Shares_BGStim/patch_data/161013/c1/GABAzine/CPP/CPP3.mat (3 squares)

 Reading from /media/sahil/NCBS_Shares_BGStim/patch_data/161013/c1/GABAzine/CPP/CPP5.mat (5 squares)
[(9, 3), (9, 9), (9, 5), (3, 7), (9, 3)] frozenset([(9, 5), (9, 3), (9, 9), (3, 7)]) Same coordinate multiple times in the combination!
[(9, 3), (9, 9), (9, 5), (3, 7), (9, 3)] frozenset([(9, 5), (9, 3), (9, 9), (3, 7)]) Same coordinate multiple times in the combination!
[(9, 3), (9, 9), (9, 5), (3, 7), (9, 3)] frozenset([(9, 5), (9, 3), (9, 9), (3, 7)]) Same coordinate multiple times in the combination!

 Reading from /media/sahil/NCBS_Shares_BGStim/patch_data/161013/c1/GABAzine/CPP/CPP7.mat (7 squares)
[(7, 9), (7, 5), (5, 9), (5, 11), (9, 3), (1, 5), (7, 9)] frozenset([(5, 9), (5, 11), (9, 3), (1, 5), (7, 5), (7, 9)]) Same coordinate multiple times in the combination!
[(7, 5), (7, 5), (7, 7), (9, 5), (5, 11), (7, 9), (3, 3)] frozenset([(3, 3), (5, 11), (7, 7), (7, 5), (9, 5), (7, 9)]) Same coordinate multiple times in the combination!
[(11, 7), (9, 3), (5, 7), (5, 5), (7, 3), (7, 11), (9, 3)] frozenset([(11, 7), (5, 7), (5, 5), (7, 3), (9, 3), (7, 11)]) Same coordinate multiple times in the combination!
[(7, 9), (7, 5), (5, 9), (5, 11), (9, 3), (1, 5), (7, 9)] frozenset([(5, 9), (5, 11), (9, 3), (1, 5), (7, 5), (7, 9)]) Same coordinate multiple times in the combination!
[(7, 5), (7, 5), (7, 7), (9, 5), (5, 11), (7, 9), (3, 3)] frozenset([(3, 3), (5, 11), (7, 7), (7, 5), (9, 5), (7, 9)]) Same coordinate multiple times in the combination!
[(11, 7), (9, 3), (5, 7), (5, 5), (7, 3), (7, 11), (9, 3)] frozenset([(11, 7), (5, 7), (5, 5), (7, 3), (9, 3), (7, 11)]) Same coordinate multiple times in the combination!
[(7, 9), (7, 5), (5, 9), (5, 11), (9, 3), (1, 5), (7, 9)] frozenset([(5, 9), (5, 11), (9, 3), (1, 5), (7, 5), (7, 9)]) Same coordinate multiple times in the combination!
[(7, 5), (7, 5), (7, 7), (9, 5), (5, 11), (7, 9), (3, 3)] frozenset([(3, 3), (5, 11), (7, 7), (7, 5), (9, 5), (7, 9)]) Same coordinate multiple times in the combination!
[(11, 7), (9, 3), (5, 7), (5, 5), (7, 3), (7, 11), (9, 3)] frozenset([(11, 7), (5, 7), (5, 5), (7, 3), (9, 3), (7, 11)]) Same coordinate multiple times in the combination!

 Reading from /media/sahil/NCBS_Shares_BGStim/patch_data/161013/c1/GABAzine/CPP/CPP9.mat (9 squares)
[(5, 9), (11, 5), (9, 3), (9, 9), (9, 5), (3, 7), (9, 3), (7, 1), (5, 11)] frozenset([(5, 9), (11, 5), (9, 3), (9, 9), (7, 1), (3, 7), (9, 5), (5, 11)]) Same coordinate multiple times in the combination!
[(1, 5), (1, 7), (5, 5), (3, 5), (7, 5), (11, 5), (1, 5), (3, 9), (9, 3)] frozenset([(5, 5), (11, 5), (9, 3), (1, 5), (7, 5), (1, 7), (3, 9), (3, 5)]) Same coordinate multiple times in the combination!
[(9, 9), (7, 9), (7, 5), (5, 9), (5, 11), (9, 3), (1, 5), (7, 9), (3, 9)] frozenset([(5, 9), (5, 11), (9, 3), (9, 9), (1, 5), (7, 5), (3, 9), (7, 9)]) Same coordinate multiple times in the combination!
[(7, 7), (7, 3), (7, 5), (7, 5), (7, 7), (9, 5), (5, 11), (7, 9), (3, 3)] frozenset([(7, 3), (3, 3), (5, 11), (7, 7), (7, 5), (9, 5), (7, 9)]) Same coordinate multiple times in the combination!
[(5, 9), (11, 5), (9, 3), (9, 9), (9, 5), (3, 7), (9, 3), (7, 1), (5, 11)] frozenset([(5, 9), (11, 5), (9, 3), (9, 9), (7, 1), (3, 7), (9, 5), (5, 11)]) Same coordinate multiple times in the combination!
[(1, 5), (1, 7), (5, 5), (3, 5), (7, 5), (11, 5), (1, 5), (3, 9), (9, 3)] frozenset([(5, 5), (11, 5), (9, 3), (1, 5), (7, 5), (1, 7), (3, 9), (3, 5)]) Same coordinate multiple times in the combination!
[(9, 9), (7, 9), (7, 5), (5, 9), (5, 11), (9, 3), (1, 5), (7, 9), (3, 9)] frozenset([(5, 9), (5, 11), (9, 3), (9, 9), (1, 5), (7, 5), (3, 9), (7, 9)]) Same coordinate multiple times in the combination!
[(7, 7), (7, 3), (7, 5), (7, 5), (7, 7), (9, 5), (5, 11), (7, 9), (3, 3)] frozenset([(7, 3), (3, 3), (5, 11), (7, 7), (7, 5), (9, 5), (7, 9)]) Same coordinate multiple times in the combination!
[(5, 9), (11, 5), (9, 3), (9, 9), (9, 5), (3, 7), (9, 3), (7, 1), (5, 11)] frozenset([(5, 9), (11, 5), (9, 3), (9, 9), (7, 1), (3, 7), (9, 5), (5, 11)]) Same coordinate multiple times in the combination!
[(1, 5), (1, 7), (5, 5), (3, 5), (7, 5), (11, 5), (1, 5), (3, 9), (9, 3)] frozenset([(5, 5), (11, 5), (9, 3), (1, 5), (7, 5), (1, 7), (3, 9), (3, 5)]) Same coordinate multiple times in the combination!
[(9, 9), (7, 9), (7, 5), (5, 9), (5, 11), (9, 3), (1, 5), (7, 9), (3, 9)] frozenset([(5, 9), (5, 11), (9, 3), (9, 9), (1, 5), (7, 5), (3, 9), (7, 9)]) Same coordinate multiple times in the combination!
[(7, 7), (7, 3), (7, 5), (7, 5), (7, 7), (9, 5), (5, 11), (7, 9), (3, 3)] frozenset([(7, 3), (3, 3), (5, 11), (7, 7), (7, 5), (9, 5), (7, 9)]) Same coordinate multiple times in the combination!
c1 161026

 Reading from /media/sahil/NCBS_Shares_BGStim/patch_data/161026/c1/CPP/CPP.mat (1 squares)

 Reading from /media/sahil/NCBS_Shares_BGStim/patch_data/161026/c1/CPP/CPP5.mat (5 squares)
[(9, 3), (9, 9), (9, 5), (3, 7), (9, 3)] frozenset([(9, 5), (9, 3), (9, 9), (3, 7)]) Same coordinate multiple times in the combination!
[(9, 3), (9, 9), (9, 5), (3, 7), (9, 3)] frozenset([(9, 5), (9, 3), (9, 9), (3, 7)]) Same coordinate multiple times in the combination!
[(9, 3), (9, 9), (9, 5), (3, 7), (9, 3)] frozenset([(9, 5), (9, 3), (9, 9), (3, 7)]) Same coordinate multiple times in the combination!
[(9, 3), (9, 9), (9, 5), (3, 7), (9, 3)] frozenset([(9, 5), (9, 3), (9, 9), (3, 7)]) Same coordinate multiple times in the combination!
[(9, 3), (9, 9), (9, 5), (3, 7), (9, 3)] frozenset([(9, 5), (9, 3), (9, 9), (3, 7)]) Same coordinate multiple times in the combination!
c3 161026

 Reading from /media/sahil/NCBS_Shares_BGStim/patch_data/161026/c3/CPP/CPP.mat (1 squares)

 Reading from /media/sahil/NCBS_Shares_BGStim/patch_data/161026/c3/CPP/CPP7.mat (7 squares)
[(7, 9), (7, 5), (5, 9), (5, 11), (9, 3), (1, 5), (7, 9)] frozenset([(5, 9), (5, 11), (9, 3), (1, 5), (7, 5), (7, 9)]) Same coordinate multiple times in the combination!
[(7, 5), (7, 5), (7, 7), (9, 5), (5, 11), (7, 9), (3, 3)] frozenset([(3, 3), (5, 11), (7, 7), (7, 5), (9, 5), (7, 9)]) Same coordinate multiple times in the combination!
[(11, 7), (9, 3), (5, 7), (5, 5), (7, 3), (7, 11), (9, 3)] frozenset([(11, 7), (5, 7), (5, 5), (7, 3), (9, 3), (7, 11)]) Same coordinate multiple times in the combination!
[(7, 9), (7, 5), (5, 9), (5, 11), (9, 3), (1, 5), (7, 9)] frozenset([(5, 9), (5, 11), (9, 3), (1, 5), (7, 5), (7, 9)]) Same coordinate multiple times in the combination!
[(7, 5), (7, 5), (7, 7), (9, 5), (5, 11), (7, 9), (3, 3)] frozenset([(3, 3), (5, 11), (7, 7), (7, 5), (9, 5), (7, 9)]) Same coordinate multiple times in the combination!
[(11, 7), (9, 3), (5, 7), (5, 5), (7, 3), (7, 11), (9, 3)] frozenset([(11, 7), (5, 7), (5, 5), (7, 3), (9, 3), (7, 11)]) Same coordinate multiple times in the combination!
[(7, 9), (7, 5), (5, 9), (5, 11), (9, 3), (1, 5), (7, 9)] frozenset([(5, 9), (5, 11), (9, 3), (1, 5), (7, 5), (7, 9)]) Same coordinate multiple times in the combination!
[(7, 5), (7, 5), (7, 7), (9, 5), (5, 11), (7, 9), (3, 3)] frozenset([(3, 3), (5, 11), (7, 7), (7, 5), (9, 5), (7, 9)]) Same coordinate multiple times in the combination!
[(11, 7), (9, 3), (5, 7), (5, 5), (7, 3), (7, 11), (9, 3)] frozenset([(11, 7), (5, 7), (5, 5), (7, 3), (9, 3), (7, 11)]) Same coordinate multiple times in the combination!
c3 161027

 Reading from /media/sahil/NCBS_Shares_BGStim/patch_data/161027/c3/CPP/CPP.mat (1 squares)

 Reading from /media/sahil/NCBS_Shares_BGStim/patch_data/161027/c3/CPP/CPP2.mat (2 squares)

 Reading from /media/sahil/NCBS_Shares_BGStim/patch_data/161027/c3/CPP/CPP3.mat (3 squares)

 Reading from /media/sahil/NCBS_Shares_BGStim/patch_data/161027/c3/CPP/CPP5.mat (5 squares)
[(9, 3), (9, 9), (9, 5), (3, 7), (9, 3)] frozenset([(9, 5), (9, 3), (9, 9), (3, 7)]) Same coordinate multiple times in the combination!
[(9, 3), (9, 9), (9, 5), (3, 7), (9, 3)] frozenset([(9, 5), (9, 3), (9, 9), (3, 7)]) Same coordinate multiple times in the combination!
[(9, 3), (9, 9), (9, 5), (3, 7), (9, 3)] frozenset([(9, 5), (9, 3), (9, 9), (3, 7)]) Same coordinate multiple times in the combination!

 Reading from /media/sahil/NCBS_Shares_BGStim/patch_data/161027/c3/CPP/CPP7.mat (7 squares)
[(7, 9), (7, 5), (5, 9), (5, 11), (9, 3), (1, 5), (7, 9)] frozenset([(5, 9), (5, 11), (9, 3), (1, 5), (7, 5), (7, 9)]) Same coordinate multiple times in the combination!
[(7, 5), (7, 5), (7, 7), (9, 5), (5, 11), (7, 9), (3, 3)] frozenset([(3, 3), (5, 11), (7, 7), (7, 5), (9, 5), (7, 9)]) Same coordinate multiple times in the combination!
[(11, 7), (9, 3), (5, 7), (5, 5), (7, 3), (7, 11), (9, 3)] frozenset([(11, 7), (5, 7), (5, 5), (7, 3), (9, 3), (7, 11)]) Same coordinate multiple times in the combination!
[(7, 9), (7, 5), (5, 9), (5, 11), (9, 3), (1, 5), (7, 9)] frozenset([(5, 9), (5, 11), (9, 3), (1, 5), (7, 5), (7, 9)]) Same coordinate multiple times in the combination!
[(7, 5), (7, 5), (7, 7), (9, 5), (5, 11), (7, 9), (3, 3)] frozenset([(3, 3), (5, 11), (7, 7), (7, 5), (9, 5), (7, 9)]) Same coordinate multiple times in the combination!
[(11, 7), (9, 3), (5, 7), (5, 5), (7, 3), (7, 11), (9, 3)] frozenset([(11, 7), (5, 7), (5, 5), (7, 3), (9, 3), (7, 11)]) Same coordinate multiple times in the combination!
[(7, 9), (7, 5), (5, 9), (5, 11), (9, 3), (1, 5), (7, 9)] frozenset([(5, 9), (5, 11), (9, 3), (1, 5), (7, 5), (7, 9)]) Same coordinate multiple times in the combination!
[(7, 5), (7, 5), (7, 7), (9, 5), (5, 11), (7, 9), (3, 3)] frozenset([(3, 3), (5, 11), (7, 7), (7, 5), (9, 5), (7, 9)]) Same coordinate multiple times in the combination!
[(11, 7), (9, 3), (5, 7), (5, 5), (7, 3), (7, 11), (9, 3)] frozenset([(11, 7), (5, 7), (5, 5), (7, 3), (9, 3), (7, 11)]) Same coordinate multiple times in the combination!

 Reading from /media/sahil/NCBS_Shares_BGStim/patch_data/161027/c3/GABAzine/CPP/CPP.mat (1 squares)

 Reading from /media/sahil/NCBS_Shares_BGStim/patch_data/161027/c3/GABAzine/CPP/CPP2.mat (2 squares)

 Reading from /media/sahil/NCBS_Shares_BGStim/patch_data/161027/c3/GABAzine/CPP/CPP3.mat (3 squares)

 Reading from /media/sahil/NCBS_Shares_BGStim/patch_data/161027/c3/GABAzine/CPP/CPP7.mat (7 squares)
[(7, 9), (7, 5), (5, 9), (5, 11), (9, 3), (1, 5), (7, 9)] frozenset([(5, 9), (5, 11), (9, 3), (1, 5), (7, 5), (7, 9)]) Same coordinate multiple times in the combination!
[(7, 5), (7, 5), (7, 7), (9, 5), (5, 11), (7, 9), (3, 3)] frozenset([(3, 3), (5, 11), (7, 7), (7, 5), (9, 5), (7, 9)]) Same coordinate multiple times in the combination!
[(11, 7), (9, 3), (5, 7), (5, 5), (7, 3), (7, 11), (9, 3)] frozenset([(11, 7), (5, 7), (5, 5), (7, 3), (9, 3), (7, 11)]) Same coordinate multiple times in the combination!
[(7, 9), (7, 5), (5, 9), (5, 11), (9, 3), (1, 5), (7, 9)] frozenset([(5, 9), (5, 11), (9, 3), (1, 5), (7, 5), (7, 9)]) Same coordinate multiple times in the combination!
[(7, 5), (7, 5), (7, 7), (9, 5), (5, 11), (7, 9), (3, 3)] frozenset([(3, 3), (5, 11), (7, 7), (7, 5), (9, 5), (7, 9)]) Same coordinate multiple times in the combination!
[(11, 7), (9, 3), (5, 7), (5, 5), (7, 3), (7, 11), (9, 3)] frozenset([(11, 7), (5, 7), (5, 5), (7, 3), (9, 3), (7, 11)]) Same coordinate multiple times in the combination!
[(7, 9), (7, 5), (5, 9), (5, 11), (9, 3), (1, 5), (7, 9)] frozenset([(5, 9), (5, 11), (9, 3), (1, 5), (7, 5), (7, 9)]) Same coordinate multiple times in the combination!
[(7, 5), (7, 5), (7, 7), (9, 5), (5, 11), (7, 9), (3, 3)] frozenset([(3, 3), (5, 11), (7, 7), (7, 5), (9, 5), (7, 9)]) Same coordinate multiple times in the combination!
[(11, 7), (9, 3), (5, 7), (5, 5), (7, 3), (7, 11), (9, 3)] frozenset([(11, 7), (5, 7), (5, 5), (7, 3), (9, 3), (7, 11)]) Same coordinate multiple times in the combination!
c3 161109

 Reading from /media/sahil/NCBS_Shares_BGStim/patch_data/161109/c3/CPP/CPP.mat (1 squares)

 Reading from /media/sahil/NCBS_Shares_BGStim/patch_data/161109/c3/CPP/CPP2.mat (2 squares)

 Reading from /media/sahil/NCBS_Shares_BGStim/patch_data/161109/c3/CPP/CPP3.mat (3 squares)

 Reading from /media/sahil/NCBS_Shares_BGStim/patch_data/161109/c3/CPP/CPP5.mat (5 squares)
[(9, 3), (9, 9), (9, 5), (3, 7), (9, 3)] frozenset([(9, 5), (9, 3), (9, 9), (3, 7)]) Same coordinate multiple times in the combination!
[(9, 3), (9, 9), (9, 5), (3, 7), (9, 3)] frozenset([(9, 5), (9, 3), (9, 9), (3, 7)]) Same coordinate multiple times in the combination!
[(9, 3), (9, 9), (9, 5), (3, 7), (9, 3)] frozenset([(9, 5), (9, 3), (9, 9), (3, 7)]) Same coordinate multiple times in the combination!
[(9, 3), (9, 9), (9, 5), (3, 7), (9, 3)] frozenset([(9, 5), (9, 3), (9, 9), (3, 7)]) Same coordinate multiple times in the combination!
[(9, 3), (9, 9), (9, 5), (3, 7), (9, 3)] frozenset([(9, 5), (9, 3), (9, 9), (3, 7)]) Same coordinate multiple times in the combination!
[(9, 3), (9, 9), (9, 5), (3, 7), (9, 3)] frozenset([(9, 5), (9, 3), (9, 9), (3, 7)]) Same coordinate multiple times in the combination!

 Reading from /media/sahil/NCBS_Shares_BGStim/patch_data/161109/c3/CPP/CPP7.mat (7 squares)
[(7, 9), (7, 5), (5, 9), (5, 11), (9, 3), (1, 5), (7, 9)] frozenset([(5, 9), (5, 11), (9, 3), (1, 5), (7, 5), (7, 9)]) Same coordinate multiple times in the combination!
[(7, 5), (7, 5), (7, 7), (9, 5), (5, 11), (7, 9), (3, 3)] frozenset([(3, 3), (5, 11), (7, 7), (7, 5), (9, 5), (7, 9)]) Same coordinate multiple times in the combination!
[(11, 7), (9, 3), (5, 7), (5, 5), (7, 3), (7, 11), (9, 3)] frozenset([(11, 7), (5, 7), (5, 5), (7, 3), (9, 3), (7, 11)]) Same coordinate multiple times in the combination!
[(7, 9), (7, 5), (5, 9), (5, 11), (9, 3), (1, 5), (7, 9)] frozenset([(5, 9), (5, 11), (9, 3), (1, 5), (7, 5), (7, 9)]) Same coordinate multiple times in the combination!
[(7, 5), (7, 5), (7, 7), (9, 5), (5, 11), (7, 9), (3, 3)] frozenset([(3, 3), (5, 11), (7, 7), (7, 5), (9, 5), (7, 9)]) Same coordinate multiple times in the combination!
[(11, 7), (9, 3), (5, 7), (5, 5), (7, 3), (7, 11), (9, 3)] frozenset([(11, 7), (5, 7), (5, 5), (7, 3), (9, 3), (7, 11)]) Same coordinate multiple times in the combination!
[(7, 9), (7, 5), (5, 9), (5, 11), (9, 3), (1, 5), (7, 9)] frozenset([(5, 9), (5, 11), (9, 3), (1, 5), (7, 5), (7, 9)]) Same coordinate multiple times in the combination!
[(7, 5), (7, 5), (7, 7), (9, 5), (5, 11), (7, 9), (3, 3)] frozenset([(3, 3), (5, 11), (7, 7), (7, 5), (9, 5), (7, 9)]) Same coordinate multiple times in the combination!
[(11, 7), (9, 3), (5, 7), (5, 5), (7, 3), (7, 11), (9, 3)] frozenset([(11, 7), (5, 7), (5, 5), (7, 3), (9, 3), (7, 11)]) Same coordinate multiple times in the combination!
[(7, 9), (7, 5), (5, 9), (5, 11), (9, 3), (1, 5), (7, 9)] frozenset([(5, 9), (5, 11), (9, 3), (1, 5), (7, 5), (7, 9)]) Same coordinate multiple times in the combination!
[(7, 5), (7, 5), (7, 7), (9, 5), (5, 11), (7, 9), (3, 3)] frozenset([(3, 3), (5, 11), (7, 7), (7, 5), (9, 5), (7, 9)]) Same coordinate multiple times in the combination!
[(11, 7), (9, 3), (5, 7), (5, 5), (7, 3), (7, 11), (9, 3)] frozenset([(11, 7), (5, 7), (5, 5), (7, 3), (9, 3), (7, 11)]) Same coordinate multiple times in the combination!
[(7, 9), (7, 5), (5, 9), (5, 11), (9, 3), (1, 5), (7, 9)] frozenset([(5, 9), (5, 11), (9, 3), (1, 5), (7, 5), (7, 9)]) Same coordinate multiple times in the combination!
[(7, 5), (7, 5), (7, 7), (9, 5), (5, 11), (7, 9), (3, 3)] frozenset([(3, 3), (5, 11), (7, 7), (7, 5), (9, 5), (7, 9)]) Same coordinate multiple times in the combination!
[(11, 7), (9, 3), (5, 7), (5, 5), (7, 3), (7, 11), (9, 3)] frozenset([(11, 7), (5, 7), (5, 5), (7, 3), (9, 3), (7, 11)]) Same coordinate multiple times in the combination!
[(7, 9), (7, 5), (5, 9), (5, 11), (9, 3), (1, 5), (7, 9)] frozenset([(5, 9), (5, 11), (9, 3), (1, 5), (7, 5), (7, 9)]) Same coordinate multiple times in the combination!
[(7, 5), (7, 5), (7, 7), (9, 5), (5, 11), (7, 9), (3, 3)] frozenset([(3, 3), (5, 11), (7, 7), (7, 5), (9, 5), (7, 9)]) Same coordinate multiple times in the combination!
[(11, 7), (9, 3), (5, 7), (5, 5), (7, 3), (7, 11), (9, 3)] frozenset([(11, 7), (5, 7), (5, 5), (7, 3), (9, 3), (7, 11)]) Same coordinate multiple times in the combination!
c1 161110

 Reading from /media/sahil/NCBS_Shares_BGStim/patch_data/161110/c1/CPP/CPP.mat (1 squares)

 Reading from /media/sahil/NCBS_Shares_BGStim/patch_data/161110/c1/CPP/CPP2.mat (2 squares)

 Reading from /media/sahil/NCBS_Shares_BGStim/patch_data/161110/c1/CPP/CPP5.mat (5 squares)
[(9, 3), (9, 9), (9, 5), (3, 7), (9, 3)] frozenset([(9, 5), (9, 3), (9, 9), (3, 7)]) Same coordinate multiple times in the combination!
[(9, 3), (9, 9), (9, 5), (3, 7), (9, 3)] frozenset([(9, 5), (9, 3), (9, 9), (3, 7)]) Same coordinate multiple times in the combination!
[(9, 3), (9, 9), (9, 5), (3, 7), (9, 3)] frozenset([(9, 5), (9, 3), (9, 9), (3, 7)]) Same coordinate multiple times in the combination!

 Reading from /media/sahil/NCBS_Shares_BGStim/patch_data/161110/c1/GABAzine/CPP/CPP.mat (1 squares)

 Reading from /media/sahil/NCBS_Shares_BGStim/patch_data/161110/c1/GABAzine/CPP/CPP2.mat (2 squares)

 Reading from /media/sahil/NCBS_Shares_BGStim/patch_data/161110/c1/GABAzine/CPP/CPP3.mat (3 squares)

 Reading from /media/sahil/NCBS_Shares_BGStim/patch_data/161110/c1/GABAzine/CPP/CPP5.mat (5 squares)
[(9, 3), (9, 9), (9, 5), (3, 7), (9, 3)] frozenset([(9, 5), (9, 3), (9, 9), (3, 7)]) Same coordinate multiple times in the combination!
[(9, 3), (9, 9), (9, 5), (3, 7), (9, 3)] frozenset([(9, 5), (9, 3), (9, 9), (3, 7)]) Same coordinate multiple times in the combination!
[(9, 3), (9, 9), (9, 5), (3, 7), (9, 3)] frozenset([(9, 5), (9, 3), (9, 9), (3, 7)]) Same coordinate multiple times in the combination!
c1 161110

 Reading from /media/sahil/NCBS_Shares_BGStim/patch_data/161110/c1/CPP/CPP.mat (1 squares)

 Reading from /media/sahil/NCBS_Shares_BGStim/patch_data/161110/c1/CPP/CPP2.mat (2 squares)

 Reading from /media/sahil/NCBS_Shares_BGStim/patch_data/161110/c1/CPP/CPP5.mat (5 squares)
[(9, 3), (9, 9), (9, 5), (3, 7), (9, 3)] frozenset([(9, 5), (9, 3), (9, 9), (3, 7)]) Same coordinate multiple times in the combination!
[(9, 3), (9, 9), (9, 5), (3, 7), (9, 3)] frozenset([(9, 5), (9, 3), (9, 9), (3, 7)]) Same coordinate multiple times in the combination!
[(9, 3), (9, 9), (9, 5), (3, 7), (9, 3)] frozenset([(9, 5), (9, 3), (9, 9), (3, 7)]) Same coordinate multiple times in the combination!

 Reading from /media/sahil/NCBS_Shares_BGStim/patch_data/161110/c1/GABAzine/CPP/CPP.mat (1 squares)

 Reading from /media/sahil/NCBS_Shares_BGStim/patch_data/161110/c1/GABAzine/CPP/CPP2.mat (2 squares)

 Reading from /media/sahil/NCBS_Shares_BGStim/patch_data/161110/c1/GABAzine/CPP/CPP3.mat (3 squares)

 Reading from /media/sahil/NCBS_Shares_BGStim/patch_data/161110/c1/GABAzine/CPP/CPP5.mat (5 squares)
[(9, 3), (9, 9), (9, 5), (3, 7), (9, 3)] frozenset([(9, 5), (9, 3), (9, 9), (3, 7)]) Same coordinate multiple times in the combination!
[(9, 3), (9, 9), (9, 5), (3, 7), (9, 3)] frozenset([(9, 5), (9, 3), (9, 9), (3, 7)]) Same coordinate multiple times in the combination!
[(9, 3), (9, 9), (9, 5), (3, 7), (9, 3)] frozenset([(9, 5), (9, 3), (9, 9), (3, 7)]) Same coordinate multiple times in the combination!
c2 161116

 Reading from /media/sahil/NCBS_Shares_BGStim/patch_data/161116/c2/CPP/CPP.mat (1 squares)

 Reading from /media/sahil/NCBS_Shares_BGStim/patch_data/161116/c2/CPP/CPP3.mat (3 squares)

 Reading from /media/sahil/NCBS_Shares_BGStim/patch_data/161116/c2/CPP/CPP5.mat (5 squares)
[(9, 3), (9, 9), (9, 5), (3, 7), (9, 3)] frozenset([(9, 5), (9, 3), (9, 9), (3, 7)]) Same coordinate multiple times in the combination!
[(9, 3), (9, 9), (9, 5), (3, 7), (9, 3)] frozenset([(9, 5), (9, 3), (9, 9), (3, 7)]) Same coordinate multiple times in the combination!
[(9, 3), (9, 9), (9, 5), (3, 7), (9, 3)] frozenset([(9, 5), (9, 3), (9, 9), (3, 7)]) Same coordinate multiple times in the combination!
c1 161117

 Reading from /media/sahil/NCBS_Shares_BGStim/patch_data/161117/c1/CPP/CPP.mat (1 squares)

 Reading from /media/sahil/NCBS_Shares_BGStim/patch_data/161117/c1/CPP/CPP2.mat (2 squares)

 Reading from /media/sahil/NCBS_Shares_BGStim/patch_data/161117/c1/CPP/CPP3.mat (3 squares)

 Reading from /media/sahil/NCBS_Shares_BGStim/patch_data/161117/c1/CPP/CPP5.mat (5 squares)
[(9, 3), (9, 9), (9, 5), (3, 7), (9, 3)] frozenset([(9, 5), (9, 3), (9, 9), (3, 7)]) Same coordinate multiple times in the combination!
[(9, 3), (9, 9), (9, 5), (3, 7), (9, 3)] frozenset([(9, 5), (9, 3), (9, 9), (3, 7)]) Same coordinate multiple times in the combination!
[(9, 3), (9, 9), (9, 5), (3, 7), (9, 3)] frozenset([(9, 5), (9, 3), (9, 9), (3, 7)]) Same coordinate multiple times in the combination!

 Reading from /media/sahil/NCBS_Shares_BGStim/patch_data/161117/c1/CPP/CPP7.mat (7 squares)
[(7, 9), (7, 5), (5, 9), (5, 11), (9, 3), (1, 5), (7, 9)] frozenset([(5, 9), (5, 11), (9, 3), (1, 5), (7, 5), (7, 9)]) Same coordinate multiple times in the combination!
[(7, 5), (7, 5), (7, 7), (9, 5), (5, 11), (7, 9), (3, 3)] frozenset([(3, 3), (5, 11), (7, 7), (7, 5), (9, 5), (7, 9)]) Same coordinate multiple times in the combination!
[(11, 7), (9, 3), (5, 7), (5, 5), (7, 3), (7, 11), (9, 3)] frozenset([(11, 7), (5, 7), (5, 5), (7, 3), (9, 3), (7, 11)]) Same coordinate multiple times in the combination!
[(7, 9), (7, 5), (5, 9), (5, 11), (9, 3), (1, 5), (7, 9)] frozenset([(5, 9), (5, 11), (9, 3), (1, 5), (7, 5), (7, 9)]) Same coordinate multiple times in the combination!
[(7, 5), (7, 5), (7, 7), (9, 5), (5, 11), (7, 9), (3, 3)] frozenset([(3, 3), (5, 11), (7, 7), (7, 5), (9, 5), (7, 9)]) Same coordinate multiple times in the combination!
[(11, 7), (9, 3), (5, 7), (5, 5), (7, 3), (7, 11), (9, 3)] frozenset([(11, 7), (5, 7), (5, 5), (7, 3), (9, 3), (7, 11)]) Same coordinate multiple times in the combination!
[(7, 9), (7, 5), (5, 9), (5, 11), (9, 3), (1, 5), (7, 9)] frozenset([(5, 9), (5, 11), (9, 3), (1, 5), (7, 5), (7, 9)]) Same coordinate multiple times in the combination!
[(7, 5), (7, 5), (7, 7), (9, 5), (5, 11), (7, 9), (3, 3)] frozenset([(3, 3), (5, 11), (7, 7), (7, 5), (9, 5), (7, 9)]) Same coordinate multiple times in the combination!
[(11, 7), (9, 3), (5, 7), (5, 5), (7, 3), (7, 11), (9, 3)] frozenset([(11, 7), (5, 7), (5, 5), (7, 3), (9, 3), (7, 11)]) Same coordinate multiple times in the combination!

 Reading from /media/sahil/NCBS_Shares_BGStim/patch_data/161117/c1/CPP/CPP9.mat (9 squares)
[(5, 9), (11, 5), (9, 3), (9, 9), (9, 5), (3, 7), (9, 3), (7, 1), (5, 11)] frozenset([(5, 9), (11, 5), (9, 3), (9, 9), (7, 1), (3, 7), (9, 5), (5, 11)]) Same coordinate multiple times in the combination!
[(1, 5), (1, 7), (5, 5), (3, 5), (7, 5), (11, 5), (1, 5), (3, 9), (9, 3)] frozenset([(5, 5), (11, 5), (9, 3), (1, 5), (7, 5), (1, 7), (3, 9), (3, 5)]) Same coordinate multiple times in the combination!
[(9, 9), (7, 9), (7, 5), (5, 9), (5, 11), (9, 3), (1, 5), (7, 9), (3, 9)] frozenset([(5, 9), (5, 11), (9, 3), (9, 9), (1, 5), (7, 5), (3, 9), (7, 9)]) Same coordinate multiple times in the combination!
[(7, 7), (7, 3), (7, 5), (7, 5), (7, 7), (9, 5), (5, 11), (7, 9), (3, 3)] frozenset([(7, 3), (3, 3), (5, 11), (7, 7), (7, 5), (9, 5), (7, 9)]) Same coordinate multiple times in the combination!
[(5, 9), (11, 5), (9, 3), (9, 9), (9, 5), (3, 7), (9, 3), (7, 1), (5, 11)] frozenset([(5, 9), (11, 5), (9, 3), (9, 9), (7, 1), (3, 7), (9, 5), (5, 11)]) Same coordinate multiple times in the combination!
[(1, 5), (1, 7), (5, 5), (3, 5), (7, 5), (11, 5), (1, 5), (3, 9), (9, 3)] frozenset([(5, 5), (11, 5), (9, 3), (1, 5), (7, 5), (1, 7), (3, 9), (3, 5)]) Same coordinate multiple times in the combination!
[(9, 9), (7, 9), (7, 5), (5, 9), (5, 11), (9, 3), (1, 5), (7, 9), (3, 9)] frozenset([(5, 9), (5, 11), (9, 3), (9, 9), (1, 5), (7, 5), (3, 9), (7, 9)]) Same coordinate multiple times in the combination!
[(7, 7), (7, 3), (7, 5), (7, 5), (7, 7), (9, 5), (5, 11), (7, 9), (3, 3)] frozenset([(7, 3), (3, 3), (5, 11), (7, 7), (7, 5), (9, 5), (7, 9)]) Same coordinate multiple times in the combination!
[(5, 9), (11, 5), (9, 3), (9, 9), (9, 5), (3, 7), (9, 3), (7, 1), (5, 11)] frozenset([(5, 9), (11, 5), (9, 3), (9, 9), (7, 1), (3, 7), (9, 5), (5, 11)]) Same coordinate multiple times in the combination!
[(1, 5), (1, 7), (5, 5), (3, 5), (7, 5), (11, 5), (1, 5), (3, 9), (9, 3)] frozenset([(5, 5), (11, 5), (9, 3), (1, 5), (7, 5), (1, 7), (3, 9), (3, 5)]) Same coordinate multiple times in the combination!
[(9, 9), (7, 9), (7, 5), (5, 9), (5, 11), (9, 3), (1, 5), (7, 9), (3, 9)] frozenset([(5, 9), (5, 11), (9, 3), (9, 9), (1, 5), (7, 5), (3, 9), (7, 9)]) Same coordinate multiple times in the combination!
[(7, 7), (7, 3), (7, 5), (7, 5), (7, 7), (9, 5), (5, 11), (7, 9), (3, 3)] frozenset([(7, 3), (3, 3), (5, 11), (7, 7), (7, 5), (9, 5), (7, 9)]) Same coordinate multiple times in the combination!
c2 161117

 Reading from /media/sahil/NCBS_Shares_BGStim/patch_data/161117/c2/CPP/CPP.mat (1 squares)

 Reading from /media/sahil/NCBS_Shares_BGStim/patch_data/161117/c2/CPP/CPP2.mat (2 squares)

 Reading from /media/sahil/NCBS_Shares_BGStim/patch_data/161117/c2/CPP/CPP3.mat (3 squares)

 Reading from /media/sahil/NCBS_Shares_BGStim/patch_data/161117/c2/CPP/CPP5.mat (5 squares)
[(9, 3), (9, 9), (9, 5), (3, 7), (9, 3)] frozenset([(9, 5), (9, 3), (9, 9), (3, 7)]) Same coordinate multiple times in the combination!
[(9, 3), (9, 9), (9, 5), (3, 7), (9, 3)] frozenset([(9, 5), (9, 3), (9, 9), (3, 7)]) Same coordinate multiple times in the combination!
[(9, 3), (9, 9), (9, 5), (3, 7), (9, 3)] frozenset([(9, 5), (9, 3), (9, 9), (3, 7)]) Same coordinate multiple times in the combination!

 Reading from /media/sahil/NCBS_Shares_BGStim/patch_data/161117/c2/GABAzine/CPP/CPP.mat (1 squares)

 Reading from /media/sahil/NCBS_Shares_BGStim/patch_data/161117/c2/GABAzine/CPP/CPP2.mat (2 squares)

 Reading from /media/sahil/NCBS_Shares_BGStim/patch_data/161117/c2/GABAzine/CPP/CPP3.mat (3 squares)

 Reading from /media/sahil/NCBS_Shares_BGStim/patch_data/161117/c2/GABAzine/CPP/CPP5.mat (5 squares)
[(9, 3), (9, 9), (9, 5), (3, 7), (9, 3)] frozenset([(9, 5), (9, 3), (9, 9), (3, 7)]) Same coordinate multiple times in the combination!
[(9, 3), (9, 9), (9, 5), (3, 7), (9, 3)] frozenset([(9, 5), (9, 3), (9, 9), (3, 7)]) Same coordinate multiple times in the combination!
[(9, 3), (9, 9), (9, 5), (3, 7), (9, 3)] frozenset([(9, 5), (9, 3), (9, 9), (3, 7)]) Same coordinate multiple times in the combination!

 Reading from /media/sahil/NCBS_Shares_BGStim/patch_data/161117/c2/GABAzine/CPP/CPP7.mat (7 squares)
[(7, 9), (7, 5), (5, 9), (5, 11), (9, 3), (1, 5), (7, 9)] frozenset([(5, 9), (5, 11), (9, 3), (1, 5), (7, 5), (7, 9)]) Same coordinate multiple times in the combination!
[(7, 5), (7, 5), (7, 7), (9, 5), (5, 11), (7, 9), (3, 3)] frozenset([(3, 3), (5, 11), (7, 7), (7, 5), (9, 5), (7, 9)]) Same coordinate multiple times in the combination!
[(11, 7), (9, 3), (5, 7), (5, 5), (7, 3), (7, 11), (9, 3)] frozenset([(11, 7), (5, 7), (5, 5), (7, 3), (9, 3), (7, 11)]) Same coordinate multiple times in the combination!
[(7, 9), (7, 5), (5, 9), (5, 11), (9, 3), (1, 5), (7, 9)] frozenset([(5, 9), (5, 11), (9, 3), (1, 5), (7, 5), (7, 9)]) Same coordinate multiple times in the combination!
[(7, 5), (7, 5), (7, 7), (9, 5), (5, 11), (7, 9), (3, 3)] frozenset([(3, 3), (5, 11), (7, 7), (7, 5), (9, 5), (7, 9)]) Same coordinate multiple times in the combination!
[(11, 7), (9, 3), (5, 7), (5, 5), (7, 3), (7, 11), (9, 3)] frozenset([(11, 7), (5, 7), (5, 5), (7, 3), (9, 3), (7, 11)]) Same coordinate multiple times in the combination!
[(7, 9), (7, 5), (5, 9), (5, 11), (9, 3), (1, 5), (7, 9)] frozenset([(5, 9), (5, 11), (9, 3), (1, 5), (7, 5), (7, 9)]) Same coordinate multiple times in the combination!
[(7, 5), (7, 5), (7, 7), (9, 5), (5, 11), (7, 9), (3, 3)] frozenset([(3, 3), (5, 11), (7, 7), (7, 5), (9, 5), (7, 9)]) Same coordinate multiple times in the combination!
[(11, 7), (9, 3), (5, 7), (5, 5), (7, 3), (7, 11), (9, 3)] frozenset([(11, 7), (5, 7), (5, 5), (7, 3), (9, 3), (7, 11)]) Same coordinate multiple times in the combination!
c3 161117

 Reading from /media/sahil/NCBS_Shares_BGStim/patch_data/161117/c3/CPP/CPP.mat (1 squares)

 Reading from /media/sahil/NCBS_Shares_BGStim/patch_data/161117/c3/CPP/CPP2.mat (2 squares)

 Reading from /media/sahil/NCBS_Shares_BGStim/patch_data/161117/c3/CPP/CPP3.mat (3 squares)

 Reading from /media/sahil/NCBS_Shares_BGStim/patch_data/161117/c3/CPP/CPP5.mat (5 squares)
[(9, 3), (9, 9), (9, 5), (3, 7), (9, 3)] frozenset([(9, 5), (9, 3), (9, 9), (3, 7)]) Same coordinate multiple times in the combination!
[(9, 3), (9, 9), (9, 5), (3, 7), (9, 3)] frozenset([(9, 5), (9, 3), (9, 9), (3, 7)]) Same coordinate multiple times in the combination!
[(9, 3), (9, 9), (9, 5), (3, 7), (9, 3)] frozenset([(9, 5), (9, 3), (9, 9), (3, 7)]) Same coordinate multiple times in the combination!

 Reading from /media/sahil/NCBS_Shares_BGStim/patch_data/161117/c3/CPP/CPP7.mat (7 squares)
[(7, 9), (7, 5), (5, 9), (5, 11), (9, 3), (1, 5), (7, 9)] frozenset([(5, 9), (5, 11), (9, 3), (1, 5), (7, 5), (7, 9)]) Same coordinate multiple times in the combination!
[(7, 5), (7, 5), (7, 7), (9, 5), (5, 11), (7, 9), (3, 3)] frozenset([(3, 3), (5, 11), (7, 7), (7, 5), (9, 5), (7, 9)]) Same coordinate multiple times in the combination!
[(11, 7), (9, 3), (5, 7), (5, 5), (7, 3), (7, 11), (9, 3)] frozenset([(11, 7), (5, 7), (5, 5), (7, 3), (9, 3), (7, 11)]) Same coordinate multiple times in the combination!
[(7, 9), (7, 5), (5, 9), (5, 11), (9, 3), (1, 5), (7, 9)] frozenset([(5, 9), (5, 11), (9, 3), (1, 5), (7, 5), (7, 9)]) Same coordinate multiple times in the combination!
[(7, 5), (7, 5), (7, 7), (9, 5), (5, 11), (7, 9), (3, 3)] frozenset([(3, 3), (5, 11), (7, 7), (7, 5), (9, 5), (7, 9)]) Same coordinate multiple times in the combination!
[(11, 7), (9, 3), (5, 7), (5, 5), (7, 3), (7, 11), (9, 3)] frozenset([(11, 7), (5, 7), (5, 5), (7, 3), (9, 3), (7, 11)]) Same coordinate multiple times in the combination!
[(7, 9), (7, 5), (5, 9), (5, 11), (9, 3), (1, 5), (7, 9)] frozenset([(5, 9), (5, 11), (9, 3), (1, 5), (7, 5), (7, 9)]) Same coordinate multiple times in the combination!
[(7, 5), (7, 5), (7, 7), (9, 5), (5, 11), (7, 9), (3, 3)] frozenset([(3, 3), (5, 11), (7, 7), (7, 5), (9, 5), (7, 9)]) Same coordinate multiple times in the combination!
[(11, 7), (9, 3), (5, 7), (5, 5), (7, 3), (7, 11), (9, 3)] frozenset([(11, 7), (5, 7), (5, 5), (7, 3), (9, 3), (7, 11)]) Same coordinate multiple times in the combination!

 Reading from /media/sahil/NCBS_Shares_BGStim/patch_data/161117/c3/GABAzine/CPP/CPP.mat (1 squares)

 Reading from /media/sahil/NCBS_Shares_BGStim/patch_data/161117/c3/GABAzine/CPP/CPP2.mat (2 squares)

 Reading from /media/sahil/NCBS_Shares_BGStim/patch_data/161117/c3/GABAzine/CPP/CPP3.mat (3 squares)

 Reading from /media/sahil/NCBS_Shares_BGStim/patch_data/161117/c3/GABAzine/CPP/CPP5.mat (5 squares)
[(9, 3), (9, 9), (9, 5), (3, 7), (9, 3)] frozenset([(9, 5), (9, 3), (9, 9), (3, 7)]) Same coordinate multiple times in the combination!
[(9, 3), (9, 9), (9, 5), (3, 7), (9, 3)] frozenset([(9, 5), (9, 3), (9, 9), (3, 7)]) Same coordinate multiple times in the combination!
[(9, 3), (9, 9), (9, 5), (3, 7), (9, 3)] frozenset([(9, 5), (9, 3), (9, 9), (3, 7)]) Same coordinate multiple times in the combination!

 Reading from /media/sahil/NCBS_Shares_BGStim/patch_data/161117/c3/GABAzine/CPP/CPP7.mat (7 squares)
[(7, 9), (7, 5), (5, 9), (5, 11), (9, 3), (1, 5), (7, 9)] frozenset([(5, 9), (5, 11), (9, 3), (1, 5), (7, 5), (7, 9)]) Same coordinate multiple times in the combination!
[(7, 5), (7, 5), (7, 7), (9, 5), (5, 11), (7, 9), (3, 3)] frozenset([(3, 3), (5, 11), (7, 7), (7, 5), (9, 5), (7, 9)]) Same coordinate multiple times in the combination!
[(11, 7), (9, 3), (5, 7), (5, 5), (7, 3), (7, 11), (9, 3)] frozenset([(11, 7), (5, 7), (5, 5), (7, 3), (9, 3), (7, 11)]) Same coordinate multiple times in the combination!
[(7, 9), (7, 5), (5, 9), (5, 11), (9, 3), (1, 5), (7, 9)] frozenset([(5, 9), (5, 11), (9, 3), (1, 5), (7, 5), (7, 9)]) Same coordinate multiple times in the combination!
[(7, 5), (7, 5), (7, 7), (9, 5), (5, 11), (7, 9), (3, 3)] frozenset([(3, 3), (5, 11), (7, 7), (7, 5), (9, 5), (7, 9)]) Same coordinate multiple times in the combination!
[(11, 7), (9, 3), (5, 7), (5, 5), (7, 3), (7, 11), (9, 3)] frozenset([(11, 7), (5, 7), (5, 5), (7, 3), (9, 3), (7, 11)]) Same coordinate multiple times in the combination!
[(7, 9), (7, 5), (5, 9), (5, 11), (9, 3), (1, 5), (7, 9)] frozenset([(5, 9), (5, 11), (9, 3), (1, 5), (7, 5), (7, 9)]) Same coordinate multiple times in the combination!
[(7, 5), (7, 5), (7, 7), (9, 5), (5, 11), (7, 9), (3, 3)] frozenset([(3, 3), (5, 11), (7, 7), (7, 5), (9, 5), (7, 9)]) Same coordinate multiple times in the combination!
[(11, 7), (9, 3), (5, 7), (5, 5), (7, 3), (7, 11), (9, 3)] frozenset([(11, 7), (5, 7), (5, 5), (7, 3), (9, 3), (7, 11)]) Same coordinate multiple times in the combination!

 Reading from /media/sahil/NCBS_Shares_BGStim/patch_data/161117/c3/GABAzine/CPP/CPP9.mat (9 squares)
[(5, 9), (11, 5), (9, 3), (9, 9), (9, 5), (3, 7), (9, 3), (7, 1), (5, 11)] frozenset([(5, 9), (11, 5), (9, 3), (9, 9), (7, 1), (3, 7), (9, 5), (5, 11)]) Same coordinate multiple times in the combination!
[(1, 5), (1, 7), (5, 5), (3, 5), (7, 5), (11, 5), (1, 5), (3, 9), (9, 3)] frozenset([(5, 5), (11, 5), (9, 3), (1, 5), (7, 5), (1, 7), (3, 9), (3, 5)]) Same coordinate multiple times in the combination!
[(9, 9), (7, 9), (7, 5), (5, 9), (5, 11), (9, 3), (1, 5), (7, 9), (3, 9)] frozenset([(5, 9), (5, 11), (9, 3), (9, 9), (1, 5), (7, 5), (3, 9), (7, 9)]) Same coordinate multiple times in the combination!
[(7, 7), (7, 3), (7, 5), (7, 5), (7, 7), (9, 5), (5, 11), (7, 9), (3, 3)] frozenset([(7, 3), (3, 3), (5, 11), (7, 7), (7, 5), (9, 5), (7, 9)]) Same coordinate multiple times in the combination!
[(5, 9), (11, 5), (9, 3), (9, 9), (9, 5), (3, 7), (9, 3), (7, 1), (5, 11)] frozenset([(5, 9), (11, 5), (9, 3), (9, 9), (7, 1), (3, 7), (9, 5), (5, 11)]) Same coordinate multiple times in the combination!
[(1, 5), (1, 7), (5, 5), (3, 5), (7, 5), (11, 5), (1, 5), (3, 9), (9, 3)] frozenset([(5, 5), (11, 5), (9, 3), (1, 5), (7, 5), (1, 7), (3, 9), (3, 5)]) Same coordinate multiple times in the combination!
[(9, 9), (7, 9), (7, 5), (5, 9), (5, 11), (9, 3), (1, 5), (7, 9), (3, 9)] frozenset([(5, 9), (5, 11), (9, 3), (9, 9), (1, 5), (7, 5), (3, 9), (7, 9)]) Same coordinate multiple times in the combination!
[(7, 7), (7, 3), (7, 5), (7, 5), (7, 7), (9, 5), (5, 11), (7, 9), (3, 3)] frozenset([(7, 3), (3, 3), (5, 11), (7, 7), (7, 5), (9, 5), (7, 9)]) Same coordinate multiple times in the combination!
[(5, 9), (11, 5), (9, 3), (9, 9), (9, 5), (3, 7), (9, 3), (7, 1), (5, 11)] frozenset([(5, 9), (11, 5), (9, 3), (9, 9), (7, 1), (3, 7), (9, 5), (5, 11)]) Same coordinate multiple times in the combination!
[(1, 5), (1, 7), (5, 5), (3, 5), (7, 5), (11, 5), (1, 5), (3, 9), (9, 3)] frozenset([(5, 5), (11, 5), (9, 3), (1, 5), (7, 5), (1, 7), (3, 9), (3, 5)]) Same coordinate multiple times in the combination!
[(9, 9), (7, 9), (7, 5), (5, 9), (5, 11), (9, 3), (1, 5), (7, 9), (3, 9)] frozenset([(5, 9), (5, 11), (9, 3), (9, 9), (1, 5), (7, 5), (3, 9), (7, 9)]) Same coordinate multiple times in the combination!
[(7, 7), (7, 3), (7, 5), (7, 5), (7, 7), (9, 5), (5, 11), (7, 9), (3, 3)] frozenset([(7, 3), (3, 3), (5, 11), (7, 7), (7, 5), (9, 5), (7, 9)]) Same coordinate multiple times in the combination!
c3 161117

 Reading from /media/sahil/NCBS_Shares_BGStim/patch_data/161117/c3/CPP/CPP.mat (1 squares)

 Reading from /media/sahil/NCBS_Shares_BGStim/patch_data/161117/c3/CPP/CPP2.mat (2 squares)

 Reading from /media/sahil/NCBS_Shares_BGStim/patch_data/161117/c3/CPP/CPP3.mat (3 squares)

 Reading from /media/sahil/NCBS_Shares_BGStim/patch_data/161117/c3/CPP/CPP5.mat (5 squares)
[(9, 3), (9, 9), (9, 5), (3, 7), (9, 3)] frozenset([(9, 5), (9, 3), (9, 9), (3, 7)]) Same coordinate multiple times in the combination!
[(9, 3), (9, 9), (9, 5), (3, 7), (9, 3)] frozenset([(9, 5), (9, 3), (9, 9), (3, 7)]) Same coordinate multiple times in the combination!
[(9, 3), (9, 9), (9, 5), (3, 7), (9, 3)] frozenset([(9, 5), (9, 3), (9, 9), (3, 7)]) Same coordinate multiple times in the combination!

 Reading from /media/sahil/NCBS_Shares_BGStim/patch_data/161117/c3/CPP/CPP7.mat (7 squares)
[(7, 9), (7, 5), (5, 9), (5, 11), (9, 3), (1, 5), (7, 9)] frozenset([(5, 9), (5, 11), (9, 3), (1, 5), (7, 5), (7, 9)]) Same coordinate multiple times in the combination!
[(7, 5), (7, 5), (7, 7), (9, 5), (5, 11), (7, 9), (3, 3)] frozenset([(3, 3), (5, 11), (7, 7), (7, 5), (9, 5), (7, 9)]) Same coordinate multiple times in the combination!
[(11, 7), (9, 3), (5, 7), (5, 5), (7, 3), (7, 11), (9, 3)] frozenset([(11, 7), (5, 7), (5, 5), (7, 3), (9, 3), (7, 11)]) Same coordinate multiple times in the combination!
[(7, 9), (7, 5), (5, 9), (5, 11), (9, 3), (1, 5), (7, 9)] frozenset([(5, 9), (5, 11), (9, 3), (1, 5), (7, 5), (7, 9)]) Same coordinate multiple times in the combination!
[(7, 5), (7, 5), (7, 7), (9, 5), (5, 11), (7, 9), (3, 3)] frozenset([(3, 3), (5, 11), (7, 7), (7, 5), (9, 5), (7, 9)]) Same coordinate multiple times in the combination!
[(11, 7), (9, 3), (5, 7), (5, 5), (7, 3), (7, 11), (9, 3)] frozenset([(11, 7), (5, 7), (5, 5), (7, 3), (9, 3), (7, 11)]) Same coordinate multiple times in the combination!
[(7, 9), (7, 5), (5, 9), (5, 11), (9, 3), (1, 5), (7, 9)] frozenset([(5, 9), (5, 11), (9, 3), (1, 5), (7, 5), (7, 9)]) Same coordinate multiple times in the combination!
[(7, 5), (7, 5), (7, 7), (9, 5), (5, 11), (7, 9), (3, 3)] frozenset([(3, 3), (5, 11), (7, 7), (7, 5), (9, 5), (7, 9)]) Same coordinate multiple times in the combination!
[(11, 7), (9, 3), (5, 7), (5, 5), (7, 3), (7, 11), (9, 3)] frozenset([(11, 7), (5, 7), (5, 5), (7, 3), (9, 3), (7, 11)]) Same coordinate multiple times in the combination!

 Reading from /media/sahil/NCBS_Shares_BGStim/patch_data/161117/c3/GABAzine/CPP/CPP.mat (1 squares)

 Reading from /media/sahil/NCBS_Shares_BGStim/patch_data/161117/c3/GABAzine/CPP/CPP2.mat (2 squares)

 Reading from /media/sahil/NCBS_Shares_BGStim/patch_data/161117/c3/GABAzine/CPP/CPP3.mat (3 squares)

 Reading from /media/sahil/NCBS_Shares_BGStim/patch_data/161117/c3/GABAzine/CPP/CPP5.mat (5 squares)
[(9, 3), (9, 9), (9, 5), (3, 7), (9, 3)] frozenset([(9, 5), (9, 3), (9, 9), (3, 7)]) Same coordinate multiple times in the combination!
[(9, 3), (9, 9), (9, 5), (3, 7), (9, 3)] frozenset([(9, 5), (9, 3), (9, 9), (3, 7)]) Same coordinate multiple times in the combination!
[(9, 3), (9, 9), (9, 5), (3, 7), (9, 3)] frozenset([(9, 5), (9, 3), (9, 9), (3, 7)]) Same coordinate multiple times in the combination!

 Reading from /media/sahil/NCBS_Shares_BGStim/patch_data/161117/c3/GABAzine/CPP/CPP7.mat (7 squares)
[(7, 9), (7, 5), (5, 9), (5, 11), (9, 3), (1, 5), (7, 9)] frozenset([(5, 9), (5, 11), (9, 3), (1, 5), (7, 5), (7, 9)]) Same coordinate multiple times in the combination!
[(7, 5), (7, 5), (7, 7), (9, 5), (5, 11), (7, 9), (3, 3)] frozenset([(3, 3), (5, 11), (7, 7), (7, 5), (9, 5), (7, 9)]) Same coordinate multiple times in the combination!
[(11, 7), (9, 3), (5, 7), (5, 5), (7, 3), (7, 11), (9, 3)] frozenset([(11, 7), (5, 7), (5, 5), (7, 3), (9, 3), (7, 11)]) Same coordinate multiple times in the combination!
[(7, 9), (7, 5), (5, 9), (5, 11), (9, 3), (1, 5), (7, 9)] frozenset([(5, 9), (5, 11), (9, 3), (1, 5), (7, 5), (7, 9)]) Same coordinate multiple times in the combination!
[(7, 5), (7, 5), (7, 7), (9, 5), (5, 11), (7, 9), (3, 3)] frozenset([(3, 3), (5, 11), (7, 7), (7, 5), (9, 5), (7, 9)]) Same coordinate multiple times in the combination!
[(11, 7), (9, 3), (5, 7), (5, 5), (7, 3), (7, 11), (9, 3)] frozenset([(11, 7), (5, 7), (5, 5), (7, 3), (9, 3), (7, 11)]) Same coordinate multiple times in the combination!
[(7, 9), (7, 5), (5, 9), (5, 11), (9, 3), (1, 5), (7, 9)] frozenset([(5, 9), (5, 11), (9, 3), (1, 5), (7, 5), (7, 9)]) Same coordinate multiple times in the combination!
[(7, 5), (7, 5), (7, 7), (9, 5), (5, 11), (7, 9), (3, 3)] frozenset([(3, 3), (5, 11), (7, 7), (7, 5), (9, 5), (7, 9)]) Same coordinate multiple times in the combination!
[(11, 7), (9, 3), (5, 7), (5, 5), (7, 3), (7, 11), (9, 3)] frozenset([(11, 7), (5, 7), (5, 5), (7, 3), (9, 3), (7, 11)]) Same coordinate multiple times in the combination!

 Reading from /media/sahil/NCBS_Shares_BGStim/patch_data/161117/c3/GABAzine/CPP/CPP9.mat (9 squares)
[(5, 9), (11, 5), (9, 3), (9, 9), (9, 5), (3, 7), (9, 3), (7, 1), (5, 11)] frozenset([(5, 9), (11, 5), (9, 3), (9, 9), (7, 1), (3, 7), (9, 5), (5, 11)]) Same coordinate multiple times in the combination!
[(1, 5), (1, 7), (5, 5), (3, 5), (7, 5), (11, 5), (1, 5), (3, 9), (9, 3)] frozenset([(5, 5), (11, 5), (9, 3), (1, 5), (7, 5), (1, 7), (3, 9), (3, 5)]) Same coordinate multiple times in the combination!
[(9, 9), (7, 9), (7, 5), (5, 9), (5, 11), (9, 3), (1, 5), (7, 9), (3, 9)] frozenset([(5, 9), (5, 11), (9, 3), (9, 9), (1, 5), (7, 5), (3, 9), (7, 9)]) Same coordinate multiple times in the combination!
[(7, 7), (7, 3), (7, 5), (7, 5), (7, 7), (9, 5), (5, 11), (7, 9), (3, 3)] frozenset([(7, 3), (3, 3), (5, 11), (7, 7), (7, 5), (9, 5), (7, 9)]) Same coordinate multiple times in the combination!
[(5, 9), (11, 5), (9, 3), (9, 9), (9, 5), (3, 7), (9, 3), (7, 1), (5, 11)] frozenset([(5, 9), (11, 5), (9, 3), (9, 9), (7, 1), (3, 7), (9, 5), (5, 11)]) Same coordinate multiple times in the combination!
[(1, 5), (1, 7), (5, 5), (3, 5), (7, 5), (11, 5), (1, 5), (3, 9), (9, 3)] frozenset([(5, 5), (11, 5), (9, 3), (1, 5), (7, 5), (1, 7), (3, 9), (3, 5)]) Same coordinate multiple times in the combination!
[(9, 9), (7, 9), (7, 5), (5, 9), (5, 11), (9, 3), (1, 5), (7, 9), (3, 9)] frozenset([(5, 9), (5, 11), (9, 3), (9, 9), (1, 5), (7, 5), (3, 9), (7, 9)]) Same coordinate multiple times in the combination!
[(7, 7), (7, 3), (7, 5), (7, 5), (7, 7), (9, 5), (5, 11), (7, 9), (3, 3)] frozenset([(7, 3), (3, 3), (5, 11), (7, 7), (7, 5), (9, 5), (7, 9)]) Same coordinate multiple times in the combination!
[(5, 9), (11, 5), (9, 3), (9, 9), (9, 5), (3, 7), (9, 3), (7, 1), (5, 11)] frozenset([(5, 9), (11, 5), (9, 3), (9, 9), (7, 1), (3, 7), (9, 5), (5, 11)]) Same coordinate multiple times in the combination!
[(1, 5), (1, 7), (5, 5), (3, 5), (7, 5), (11, 5), (1, 5), (3, 9), (9, 3)] frozenset([(5, 5), (11, 5), (9, 3), (1, 5), (7, 5), (1, 7), (3, 9), (3, 5)]) Same coordinate multiple times in the combination!
[(9, 9), (7, 9), (7, 5), (5, 9), (5, 11), (9, 3), (1, 5), (7, 9), (3, 9)] frozenset([(5, 9), (5, 11), (9, 3), (9, 9), (1, 5), (7, 5), (3, 9), (7, 9)]) Same coordinate multiple times in the combination!
[(7, 7), (7, 3), (7, 5), (7, 5), (7, 7), (9, 5), (5, 11), (7, 9), (3, 3)] frozenset([(7, 3), (3, 3), (5, 11), (7, 7), (7, 5), (9, 5), (7, 9)]) Same coordinate multiple times in the combination!
c1 161123

 Reading from /media/sahil/NCBS_Shares_BGStim/patch_data/161123/c1/CPP/CPP.mat (1 squares)

 Reading from /media/sahil/NCBS_Shares_BGStim/patch_data/161123/c1/CPP/CPP2.mat (2 squares)

 Reading from /media/sahil/NCBS_Shares_BGStim/patch_data/161123/c1/CPP/CPP3.mat (3 squares)

 Reading from /media/sahil/NCBS_Shares_BGStim/patch_data/161123/c1/CPP/CPP5.mat (5 squares)
[(9, 3), (9, 9), (9, 5), (3, 7), (9, 3)] frozenset([(9, 5), (9, 3), (9, 9), (3, 7)]) Same coordinate multiple times in the combination!
[(9, 3), (9, 9), (9, 5), (3, 7), (9, 3)] frozenset([(9, 5), (9, 3), (9, 9), (3, 7)]) Same coordinate multiple times in the combination!
[(9, 3), (9, 9), (9, 5), (3, 7), (9, 3)] frozenset([(9, 5), (9, 3), (9, 9), (3, 7)]) Same coordinate multiple times in the combination!

 Reading from /media/sahil/NCBS_Shares_BGStim/patch_data/161123/c1/CPP/CPP7.mat (7 squares)
[(7, 9), (7, 5), (5, 9), (5, 11), (9, 3), (1, 5), (7, 9)] frozenset([(5, 9), (5, 11), (9, 3), (1, 5), (7, 5), (7, 9)]) Same coordinate multiple times in the combination!
[(7, 5), (7, 5), (7, 7), (9, 5), (5, 11), (7, 9), (3, 3)] frozenset([(3, 3), (5, 11), (7, 7), (7, 5), (9, 5), (7, 9)]) Same coordinate multiple times in the combination!
[(11, 7), (9, 3), (5, 7), (5, 5), (7, 3), (7, 11), (9, 3)] frozenset([(11, 7), (5, 7), (5, 5), (7, 3), (9, 3), (7, 11)]) Same coordinate multiple times in the combination!
[(7, 9), (7, 5), (5, 9), (5, 11), (9, 3), (1, 5), (7, 9)] frozenset([(5, 9), (5, 11), (9, 3), (1, 5), (7, 5), (7, 9)]) Same coordinate multiple times in the combination!
[(7, 5), (7, 5), (7, 7), (9, 5), (5, 11), (7, 9), (3, 3)] frozenset([(3, 3), (5, 11), (7, 7), (7, 5), (9, 5), (7, 9)]) Same coordinate multiple times in the combination!
[(11, 7), (9, 3), (5, 7), (5, 5), (7, 3), (7, 11), (9, 3)] frozenset([(11, 7), (5, 7), (5, 5), (7, 3), (9, 3), (7, 11)]) Same coordinate multiple times in the combination!
[(7, 9), (7, 5), (5, 9), (5, 11), (9, 3), (1, 5), (7, 9)] frozenset([(5, 9), (5, 11), (9, 3), (1, 5), (7, 5), (7, 9)]) Same coordinate multiple times in the combination!
[(7, 5), (7, 5), (7, 7), (9, 5), (5, 11), (7, 9), (3, 3)] frozenset([(3, 3), (5, 11), (7, 7), (7, 5), (9, 5), (7, 9)]) Same coordinate multiple times in the combination!
[(11, 7), (9, 3), (5, 7), (5, 5), (7, 3), (7, 11), (9, 3)] frozenset([(11, 7), (5, 7), (5, 5), (7, 3), (9, 3), (7, 11)]) Same coordinate multiple times in the combination!

 Reading from /media/sahil/NCBS_Shares_BGStim/patch_data/161123/c1/CPP/CPP9.mat (9 squares)
[(5, 9), (11, 5), (9, 3), (9, 9), (9, 5), (3, 7), (9, 3), (7, 1), (5, 11)] frozenset([(5, 9), (11, 5), (9, 3), (9, 9), (7, 1), (3, 7), (9, 5), (5, 11)]) Same coordinate multiple times in the combination!
[(1, 5), (1, 7), (5, 5), (3, 5), (7, 5), (11, 5), (1, 5), (3, 9), (9, 3)] frozenset([(5, 5), (11, 5), (9, 3), (1, 5), (7, 5), (1, 7), (3, 9), (3, 5)]) Same coordinate multiple times in the combination!
[(9, 9), (7, 9), (7, 5), (5, 9), (5, 11), (9, 3), (1, 5), (7, 9), (3, 9)] frozenset([(5, 9), (5, 11), (9, 3), (9, 9), (1, 5), (7, 5), (3, 9), (7, 9)]) Same coordinate multiple times in the combination!
[(7, 7), (7, 3), (7, 5), (7, 5), (7, 7), (9, 5), (5, 11), (7, 9), (3, 3)] frozenset([(7, 3), (3, 3), (5, 11), (7, 7), (7, 5), (9, 5), (7, 9)]) Same coordinate multiple times in the combination!
[(5, 9), (11, 5), (9, 3), (9, 9), (9, 5), (3, 7), (9, 3), (7, 1), (5, 11)] frozenset([(5, 9), (11, 5), (9, 3), (9, 9), (7, 1), (3, 7), (9, 5), (5, 11)]) Same coordinate multiple times in the combination!
[(1, 5), (1, 7), (5, 5), (3, 5), (7, 5), (11, 5), (1, 5), (3, 9), (9, 3)] frozenset([(5, 5), (11, 5), (9, 3), (1, 5), (7, 5), (1, 7), (3, 9), (3, 5)]) Same coordinate multiple times in the combination!
[(9, 9), (7, 9), (7, 5), (5, 9), (5, 11), (9, 3), (1, 5), (7, 9), (3, 9)] frozenset([(5, 9), (5, 11), (9, 3), (9, 9), (1, 5), (7, 5), (3, 9), (7, 9)]) Same coordinate multiple times in the combination!
[(7, 7), (7, 3), (7, 5), (7, 5), (7, 7), (9, 5), (5, 11), (7, 9), (3, 3)] frozenset([(7, 3), (3, 3), (5, 11), (7, 7), (7, 5), (9, 5), (7, 9)]) Same coordinate multiple times in the combination!
[(5, 9), (11, 5), (9, 3), (9, 9), (9, 5), (3, 7), (9, 3), (7, 1), (5, 11)] frozenset([(5, 9), (11, 5), (9, 3), (9, 9), (7, 1), (3, 7), (9, 5), (5, 11)]) Same coordinate multiple times in the combination!
[(1, 5), (1, 7), (5, 5), (3, 5), (7, 5), (11, 5), (1, 5), (3, 9), (9, 3)] frozenset([(5, 5), (11, 5), (9, 3), (1, 5), (7, 5), (1, 7), (3, 9), (3, 5)]) Same coordinate multiple times in the combination!
[(9, 9), (7, 9), (7, 5), (5, 9), (5, 11), (9, 3), (1, 5), (7, 9), (3, 9)] frozenset([(5, 9), (5, 11), (9, 3), (9, 9), (1, 5), (7, 5), (3, 9), (7, 9)]) Same coordinate multiple times in the combination!
[(7, 7), (7, 3), (7, 5), (7, 5), (7, 7), (9, 5), (5, 11), (7, 9), (3, 3)] frozenset([(7, 3), (3, 3), (5, 11), (7, 7), (7, 5), (9, 5), (7, 9)]) Same coordinate multiple times in the combination!

 Reading from /media/sahil/NCBS_Shares_BGStim/patch_data/161123/c1/GABAzine/CPP/CPP.mat (1 squares)

 Reading from /media/sahil/NCBS_Shares_BGStim/patch_data/161123/c1/GABAzine/CPP/CPP2.mat (2 squares)

 Reading from /media/sahil/NCBS_Shares_BGStim/patch_data/161123/c1/GABAzine/CPP/CPP3.mat (3 squares)

 Reading from /media/sahil/NCBS_Shares_BGStim/patch_data/161123/c1/GABAzine/CPP/CPP5.mat (5 squares)
[(9, 3), (9, 9), (9, 5), (3, 7), (9, 3)] frozenset([(9, 5), (9, 3), (9, 9), (3, 7)]) Same coordinate multiple times in the combination!
[(9, 3), (9, 9), (9, 5), (3, 7), (9, 3)] frozenset([(9, 5), (9, 3), (9, 9), (3, 7)]) Same coordinate multiple times in the combination!
[(9, 3), (9, 9), (9, 5), (3, 7), (9, 3)] frozenset([(9, 5), (9, 3), (9, 9), (3, 7)]) Same coordinate multiple times in the combination!

 Reading from /media/sahil/NCBS_Shares_BGStim/patch_data/161123/c1/GABAzine/CPP/CPP7.mat (7 squares)
[(7, 9), (7, 5), (5, 9), (5, 11), (9, 3), (1, 5), (7, 9)] frozenset([(5, 9), (5, 11), (9, 3), (1, 5), (7, 5), (7, 9)]) Same coordinate multiple times in the combination!
[(7, 5), (7, 5), (7, 7), (9, 5), (5, 11), (7, 9), (3, 3)] frozenset([(3, 3), (5, 11), (7, 7), (7, 5), (9, 5), (7, 9)]) Same coordinate multiple times in the combination!
[(11, 7), (9, 3), (5, 7), (5, 5), (7, 3), (7, 11), (9, 3)] frozenset([(11, 7), (5, 7), (5, 5), (7, 3), (9, 3), (7, 11)]) Same coordinate multiple times in the combination!
[(7, 9), (7, 5), (5, 9), (5, 11), (9, 3), (1, 5), (7, 9)] frozenset([(5, 9), (5, 11), (9, 3), (1, 5), (7, 5), (7, 9)]) Same coordinate multiple times in the combination!
[(7, 5), (7, 5), (7, 7), (9, 5), (5, 11), (7, 9), (3, 3)] frozenset([(3, 3), (5, 11), (7, 7), (7, 5), (9, 5), (7, 9)]) Same coordinate multiple times in the combination!
[(11, 7), (9, 3), (5, 7), (5, 5), (7, 3), (7, 11), (9, 3)] frozenset([(11, 7), (5, 7), (5, 5), (7, 3), (9, 3), (7, 11)]) Same coordinate multiple times in the combination!
[(7, 9), (7, 5), (5, 9), (5, 11), (9, 3), (1, 5), (7, 9)] frozenset([(5, 9), (5, 11), (9, 3), (1, 5), (7, 5), (7, 9)]) Same coordinate multiple times in the combination!
[(7, 5), (7, 5), (7, 7), (9, 5), (5, 11), (7, 9), (3, 3)] frozenset([(3, 3), (5, 11), (7, 7), (7, 5), (9, 5), (7, 9)]) Same coordinate multiple times in the combination!
[(11, 7), (9, 3), (5, 7), (5, 5), (7, 3), (7, 11), (9, 3)] frozenset([(11, 7), (5, 7), (5, 5), (7, 3), (9, 3), (7, 11)]) Same coordinate multiple times in the combination!

 Reading from /media/sahil/NCBS_Shares_BGStim/patch_data/161123/c1/GABAzine/CPP/CPP9.mat (9 squares)
[(5, 9), (11, 5), (9, 3), (9, 9), (9, 5), (3, 7), (9, 3), (7, 1), (5, 11)] frozenset([(5, 9), (11, 5), (9, 3), (9, 9), (7, 1), (3, 7), (9, 5), (5, 11)]) Same coordinate multiple times in the combination!
[(1, 5), (1, 7), (5, 5), (3, 5), (7, 5), (11, 5), (1, 5), (3, 9), (9, 3)] frozenset([(5, 5), (11, 5), (9, 3), (1, 5), (7, 5), (1, 7), (3, 9), (3, 5)]) Same coordinate multiple times in the combination!
[(9, 9), (7, 9), (7, 5), (5, 9), (5, 11), (9, 3), (1, 5), (7, 9), (3, 9)] frozenset([(5, 9), (5, 11), (9, 3), (9, 9), (1, 5), (7, 5), (3, 9), (7, 9)]) Same coordinate multiple times in the combination!
[(7, 7), (7, 3), (7, 5), (7, 5), (7, 7), (9, 5), (5, 11), (7, 9), (3, 3)] frozenset([(7, 3), (3, 3), (5, 11), (7, 7), (7, 5), (9, 5), (7, 9)]) Same coordinate multiple times in the combination!
[(5, 9), (11, 5), (9, 3), (9, 9), (9, 5), (3, 7), (9, 3), (7, 1), (5, 11)] frozenset([(5, 9), (11, 5), (9, 3), (9, 9), (7, 1), (3, 7), (9, 5), (5, 11)]) Same coordinate multiple times in the combination!
[(1, 5), (1, 7), (5, 5), (3, 5), (7, 5), (11, 5), (1, 5), (3, 9), (9, 3)] frozenset([(5, 5), (11, 5), (9, 3), (1, 5), (7, 5), (1, 7), (3, 9), (3, 5)]) Same coordinate multiple times in the combination!
[(9, 9), (7, 9), (7, 5), (5, 9), (5, 11), (9, 3), (1, 5), (7, 9), (3, 9)] frozenset([(5, 9), (5, 11), (9, 3), (9, 9), (1, 5), (7, 5), (3, 9), (7, 9)]) Same coordinate multiple times in the combination!
[(7, 7), (7, 3), (7, 5), (7, 5), (7, 7), (9, 5), (5, 11), (7, 9), (3, 3)] frozenset([(7, 3), (3, 3), (5, 11), (7, 7), (7, 5), (9, 5), (7, 9)]) Same coordinate multiple times in the combination!
[(5, 9), (11, 5), (9, 3), (9, 9), (9, 5), (3, 7), (9, 3), (7, 1), (5, 11)] frozenset([(5, 9), (11, 5), (9, 3), (9, 9), (7, 1), (3, 7), (9, 5), (5, 11)]) Same coordinate multiple times in the combination!
[(1, 5), (1, 7), (5, 5), (3, 5), (7, 5), (11, 5), (1, 5), (3, 9), (9, 3)] frozenset([(5, 5), (11, 5), (9, 3), (1, 5), (7, 5), (1, 7), (3, 9), (3, 5)]) Same coordinate multiple times in the combination!
[(9, 9), (7, 9), (7, 5), (5, 9), (5, 11), (9, 3), (1, 5), (7, 9), (3, 9)] frozenset([(5, 9), (5, 11), (9, 3), (9, 9), (1, 5), (7, 5), (3, 9), (7, 9)]) Same coordinate multiple times in the combination!
[(7, 7), (7, 3), (7, 5), (7, 5), (7, 7), (9, 5), (5, 11), (7, 9), (3, 3)] frozenset([(7, 3), (3, 3), (5, 11), (7, 7), (7, 5), (9, 5), (7, 9)]) Same coordinate multiple times in the combination!
c2 161123

 Reading from /media/sahil/NCBS_Shares_BGStim/patch_data/161123/c2/CPP/CPP.mat (1 squares)

 Reading from /media/sahil/NCBS_Shares_BGStim/patch_data/161123/c2/CPP/CPP2.mat (2 squares)

 Reading from /media/sahil/NCBS_Shares_BGStim/patch_data/161123/c2/CPP/CPP7.mat (7 squares)
[(7, 9), (7, 5), (5, 9), (5, 11), (9, 3), (1, 5), (7, 9)] frozenset([(5, 9), (5, 11), (9, 3), (1, 5), (7, 5), (7, 9)]) Same coordinate multiple times in the combination!
[(7, 5), (7, 5), (7, 7), (9, 5), (5, 11), (7, 9), (3, 3)] frozenset([(3, 3), (5, 11), (7, 7), (7, 5), (9, 5), (7, 9)]) Same coordinate multiple times in the combination!
[(11, 7), (9, 3), (5, 7), (5, 5), (7, 3), (7, 11), (9, 3)] frozenset([(11, 7), (5, 7), (5, 5), (7, 3), (9, 3), (7, 11)]) Same coordinate multiple times in the combination!
[(7, 9), (7, 5), (5, 9), (5, 11), (9, 3), (1, 5), (7, 9)] frozenset([(5, 9), (5, 11), (9, 3), (1, 5), (7, 5), (7, 9)]) Same coordinate multiple times in the combination!
[(7, 5), (7, 5), (7, 7), (9, 5), (5, 11), (7, 9), (3, 3)] frozenset([(3, 3), (5, 11), (7, 7), (7, 5), (9, 5), (7, 9)]) Same coordinate multiple times in the combination!
[(11, 7), (9, 3), (5, 7), (5, 5), (7, 3), (7, 11), (9, 3)] frozenset([(11, 7), (5, 7), (5, 5), (7, 3), (9, 3), (7, 11)]) Same coordinate multiple times in the combination!
[(7, 9), (7, 5), (5, 9), (5, 11), (9, 3), (1, 5), (7, 9)] frozenset([(5, 9), (5, 11), (9, 3), (1, 5), (7, 5), (7, 9)]) Same coordinate multiple times in the combination!
[(7, 5), (7, 5), (7, 7), (9, 5), (5, 11), (7, 9), (3, 3)] frozenset([(3, 3), (5, 11), (7, 7), (7, 5), (9, 5), (7, 9)]) Same coordinate multiple times in the combination!
[(11, 7), (9, 3), (5, 7), (5, 5), (7, 3), (7, 11), (9, 3)] frozenset([(11, 7), (5, 7), (5, 5), (7, 3), (9, 3), (7, 11)]) Same coordinate multiple times in the combination!

 Reading from /media/sahil/NCBS_Shares_BGStim/patch_data/161123/c2/GABAzine/CPP/CPP.mat (1 squares)

 Reading from /media/sahil/NCBS_Shares_BGStim/patch_data/161123/c2/GABAzine/CPP/CPP2.mat (2 squares)
c1 161228

 Reading from /media/sahil/NCBS_Shares_BGStim/patch_data/161228/c1/CPP/CPP.mat (1 squares)

 Reading from /media/sahil/NCBS_Shares_BGStim/patch_data/161228/c1/CPP/CPP2.mat (2 squares)

 Reading from /media/sahil/NCBS_Shares_BGStim/patch_data/161228/c1/CPP/CPP3.mat (3 squares)

 Reading from /media/sahil/NCBS_Shares_BGStim/patch_data/161228/c1/CPP/CPP5.mat (5 squares)
[(9, 3), (9, 9), (9, 5), (3, 7), (9, 3)] frozenset([(9, 5), (9, 3), (9, 9), (3, 7)]) Same coordinate multiple times in the combination!
[(9, 3), (9, 9), (9, 5), (3, 7), (9, 3)] frozenset([(9, 5), (9, 3), (9, 9), (3, 7)]) Same coordinate multiple times in the combination!
[(9, 3), (9, 9), (9, 5), (3, 7), (9, 3)] frozenset([(9, 5), (9, 3), (9, 9), (3, 7)]) Same coordinate multiple times in the combination!

 Reading from /media/sahil/NCBS_Shares_BGStim/patch_data/161228/c1/CPP/CPP7.mat (7 squares)
[(7, 9), (7, 5), (5, 9), (5, 11), (9, 3), (1, 5), (7, 9)] frozenset([(5, 9), (5, 11), (9, 3), (1, 5), (7, 5), (7, 9)]) Same coordinate multiple times in the combination!
[(7, 5), (7, 5), (7, 7), (9, 5), (5, 11), (7, 9), (3, 3)] frozenset([(3, 3), (5, 11), (7, 7), (7, 5), (9, 5), (7, 9)]) Same coordinate multiple times in the combination!
[(11, 7), (9, 3), (5, 7), (5, 5), (7, 3), (7, 11), (9, 3)] frozenset([(11, 7), (5, 7), (5, 5), (7, 3), (9, 3), (7, 11)]) Same coordinate multiple times in the combination!
[(7, 9), (7, 5), (5, 9), (5, 11), (9, 3), (1, 5), (7, 9)] frozenset([(5, 9), (5, 11), (9, 3), (1, 5), (7, 5), (7, 9)]) Same coordinate multiple times in the combination!
[(7, 5), (7, 5), (7, 7), (9, 5), (5, 11), (7, 9), (3, 3)] frozenset([(3, 3), (5, 11), (7, 7), (7, 5), (9, 5), (7, 9)]) Same coordinate multiple times in the combination!
[(11, 7), (9, 3), (5, 7), (5, 5), (7, 3), (7, 11), (9, 3)] frozenset([(11, 7), (5, 7), (5, 5), (7, 3), (9, 3), (7, 11)]) Same coordinate multiple times in the combination!
[(7, 9), (7, 5), (5, 9), (5, 11), (9, 3), (1, 5), (7, 9)] frozenset([(5, 9), (5, 11), (9, 3), (1, 5), (7, 5), (7, 9)]) Same coordinate multiple times in the combination!
[(7, 5), (7, 5), (7, 7), (9, 5), (5, 11), (7, 9), (3, 3)] frozenset([(3, 3), (5, 11), (7, 7), (7, 5), (9, 5), (7, 9)]) Same coordinate multiple times in the combination!
[(11, 7), (9, 3), (5, 7), (5, 5), (7, 3), (7, 11), (9, 3)] frozenset([(11, 7), (5, 7), (5, 5), (7, 3), (9, 3), (7, 11)]) Same coordinate multiple times in the combination!
c1 161211
c2 161211
c3 161211
c1 161220
c2 161220
c1 170104
c3 170104
c4 170104

 Reading from /media/sahil/NCBS_Shares_BGStim/patch_data/170104/c4/CPP/CPP.mat (1 squares)

 Reading from /media/sahil/NCBS_Shares_BGStim/patch_data/170104/c4/CPP/CPP3.mat (3 squares)

 Reading from /media/sahil/NCBS_Shares_BGStim/patch_data/170104/c4/CPP/CPP5.mat (5 squares)
[(9, 3), (9, 9), (9, 5), (3, 7), (9, 3)] frozenset([(9, 5), (9, 3), (9, 9), (3, 7)]) Same coordinate multiple times in the combination!
[(9, 3), (9, 9), (9, 5), (3, 7), (9, 3)] frozenset([(9, 5), (9, 3), (9, 9), (3, 7)]) Same coordinate multiple times in the combination!
[(9, 3), (9, 9), (9, 5), (3, 7), (9, 3)] frozenset([(9, 5), (9, 3), (9, 9), (3, 7)]) Same coordinate multiple times in the combination!

 Reading from /media/sahil/NCBS_Shares_BGStim/patch_data/170104/c4/CPP/CPP9.mat (9 squares)
[(5, 9), (11, 5), (9, 3), (9, 9), (9, 5), (3, 7), (9, 3), (7, 1), (5, 11)] frozenset([(5, 9), (11, 5), (9, 3), (9, 9), (7, 1), (3, 7), (9, 5), (5, 11)]) Same coordinate multiple times in the combination!
[(1, 5), (1, 7), (5, 5), (3, 5), (7, 5), (11, 5), (1, 5), (3, 9), (9, 3)] frozenset([(5, 5), (11, 5), (9, 3), (1, 5), (7, 5), (1, 7), (3, 9), (3, 5)]) Same coordinate multiple times in the combination!
[(9, 9), (7, 9), (7, 5), (5, 9), (5, 11), (9, 3), (1, 5), (7, 9), (3, 9)] frozenset([(5, 9), (5, 11), (9, 3), (9, 9), (1, 5), (7, 5), (3, 9), (7, 9)]) Same coordinate multiple times in the combination!
[(7, 7), (7, 3), (7, 5), (7, 5), (7, 7), (9, 5), (5, 11), (7, 9), (3, 3)] frozenset([(7, 3), (3, 3), (5, 11), (7, 7), (7, 5), (9, 5), (7, 9)]) Same coordinate multiple times in the combination!
[(5, 9), (11, 5), (9, 3), (9, 9), (9, 5), (3, 7), (9, 3), (7, 1), (5, 11)] frozenset([(5, 9), (11, 5), (9, 3), (9, 9), (7, 1), (3, 7), (9, 5), (5, 11)]) Same coordinate multiple times in the combination!
[(1, 5), (1, 7), (5, 5), (3, 5), (7, 5), (11, 5), (1, 5), (3, 9), (9, 3)] frozenset([(5, 5), (11, 5), (9, 3), (1, 5), (7, 5), (1, 7), (3, 9), (3, 5)]) Same coordinate multiple times in the combination!
[(9, 9), (7, 9), (7, 5), (5, 9), (5, 11), (9, 3), (1, 5), (7, 9), (3, 9)] frozenset([(5, 9), (5, 11), (9, 3), (9, 9), (1, 5), (7, 5), (3, 9), (7, 9)]) Same coordinate multiple times in the combination!
[(7, 7), (7, 3), (7, 5), (7, 5), (7, 7), (9, 5), (5, 11), (7, 9), (3, 3)] frozenset([(7, 3), (3, 3), (5, 11), (7, 7), (7, 5), (9, 5), (7, 9)]) Same coordinate multiple times in the combination!
[(5, 9), (11, 5), (9, 3), (9, 9), (9, 5), (3, 7), (9, 3), (7, 1), (5, 11)] frozenset([(5, 9), (11, 5), (9, 3), (9, 9), (7, 1), (3, 7), (9, 5), (5, 11)]) Same coordinate multiple times in the combination!
[(1, 5), (1, 7), (5, 5), (3, 5), (7, 5), (11, 5), (1, 5), (3, 9), (9, 3)] frozenset([(5, 5), (11, 5), (9, 3), (1, 5), (7, 5), (1, 7), (3, 9), (3, 5)]) Same coordinate multiple times in the combination!
[(9, 9), (7, 9), (7, 5), (5, 9), (5, 11), (9, 3), (1, 5), (7, 9), (3, 9)] frozenset([(5, 9), (5, 11), (9, 3), (9, 9), (1, 5), (7, 5), (3, 9), (7, 9)]) Same coordinate multiple times in the combination!
[(7, 7), (7, 3), (7, 5), (7, 5), (7, 7), (9, 5), (5, 11), (7, 9), (3, 3)] frozenset([(7, 3), (3, 3), (5, 11), (7, 7), (7, 5), (9, 5), (7, 9)]) Same coordinate multiple times in the combination!

 Reading from /media/sahil/NCBS_Shares_BGStim/patch_data/170104/c4/GABAzine/CPP/CPP.mat (1 squares)

 Reading from /media/sahil/NCBS_Shares_BGStim/patch_data/170104/c4/GABAzine/CPP/CPP2.mat (2 squares)

 Reading from /media/sahil/NCBS_Shares_BGStim/patch_data/170104/c4/GABAzine/CPP/CPP3.mat (3 squares)

 Reading from /media/sahil/NCBS_Shares_BGStim/patch_data/170104/c4/GABAzine/CPP/CPP5.mat (5 squares)
[(9, 3), (9, 9), (9, 5), (3, 7), (9, 3)] frozenset([(9, 5), (9, 3), (9, 9), (3, 7)]) Same coordinate multiple times in the combination!
[(9, 3), (9, 9), (9, 5), (3, 7), (9, 3)] frozenset([(9, 5), (9, 3), (9, 9), (3, 7)]) Same coordinate multiple times in the combination!
[(9, 3), (9, 9), (9, 5), (3, 7), (9, 3)] frozenset([(9, 5), (9, 3), (9, 9), (3, 7)]) Same coordinate multiple times in the combination!

 Reading from /media/sahil/NCBS_Shares_BGStim/patch_data/170104/c4/GABAzine/CPP/CPP7.mat (7 squares)
[(7, 9), (7, 5), (5, 9), (5, 11), (9, 3), (1, 5), (7, 9)] frozenset([(5, 9), (5, 11), (9, 3), (1, 5), (7, 5), (7, 9)]) Same coordinate multiple times in the combination!
[(7, 5), (7, 5), (7, 7), (9, 5), (5, 11), (7, 9), (3, 3)] frozenset([(3, 3), (5, 11), (7, 7), (7, 5), (9, 5), (7, 9)]) Same coordinate multiple times in the combination!
[(11, 7), (9, 3), (5, 7), (5, 5), (7, 3), (7, 11), (9, 3)] frozenset([(11, 7), (5, 7), (5, 5), (7, 3), (9, 3), (7, 11)]) Same coordinate multiple times in the combination!
[(7, 9), (7, 5), (5, 9), (5, 11), (9, 3), (1, 5), (7, 9)] frozenset([(5, 9), (5, 11), (9, 3), (1, 5), (7, 5), (7, 9)]) Same coordinate multiple times in the combination!
[(7, 5), (7, 5), (7, 7), (9, 5), (5, 11), (7, 9), (3, 3)] frozenset([(3, 3), (5, 11), (7, 7), (7, 5), (9, 5), (7, 9)]) Same coordinate multiple times in the combination!
[(11, 7), (9, 3), (5, 7), (5, 5), (7, 3), (7, 11), (9, 3)] frozenset([(11, 7), (5, 7), (5, 5), (7, 3), (9, 3), (7, 11)]) Same coordinate multiple times in the combination!
[(7, 9), (7, 5), (5, 9), (5, 11), (9, 3), (1, 5), (7, 9)] frozenset([(5, 9), (5, 11), (9, 3), (1, 5), (7, 5), (7, 9)]) Same coordinate multiple times in the combination!
[(7, 5), (7, 5), (7, 7), (9, 5), (5, 11), (7, 9), (3, 3)] frozenset([(3, 3), (5, 11), (7, 7), (7, 5), (9, 5), (7, 9)]) Same coordinate multiple times in the combination!
[(11, 7), (9, 3), (5, 7), (5, 5), (7, 3), (7, 11), (9, 3)] frozenset([(11, 7), (5, 7), (5, 5), (7, 3), (9, 3), (7, 11)]) Same coordinate multiple times in the combination!

 Reading from /media/sahil/NCBS_Shares_BGStim/patch_data/170104/c4/GABAzine/CPP/CPP9.mat (9 squares)
[(5, 9), (11, 5), (9, 3), (9, 9), (9, 5), (3, 7), (9, 3), (7, 1), (5, 11)] frozenset([(5, 9), (11, 5), (9, 3), (9, 9), (7, 1), (3, 7), (9, 5), (5, 11)]) Same coordinate multiple times in the combination!
[(1, 5), (1, 7), (5, 5), (3, 5), (7, 5), (11, 5), (1, 5), (3, 9), (9, 3)] frozenset([(5, 5), (11, 5), (9, 3), (1, 5), (7, 5), (1, 7), (3, 9), (3, 5)]) Same coordinate multiple times in the combination!
[(9, 9), (7, 9), (7, 5), (5, 9), (5, 11), (9, 3), (1, 5), (7, 9), (3, 9)] frozenset([(5, 9), (5, 11), (9, 3), (9, 9), (1, 5), (7, 5), (3, 9), (7, 9)]) Same coordinate multiple times in the combination!
[(7, 7), (7, 3), (7, 5), (7, 5), (7, 7), (9, 5), (5, 11), (7, 9), (3, 3)] frozenset([(7, 3), (3, 3), (5, 11), (7, 7), (7, 5), (9, 5), (7, 9)]) Same coordinate multiple times in the combination!
[(5, 9), (11, 5), (9, 3), (9, 9), (9, 5), (3, 7), (9, 3), (7, 1), (5, 11)] frozenset([(5, 9), (11, 5), (9, 3), (9, 9), (7, 1), (3, 7), (9, 5), (5, 11)]) Same coordinate multiple times in the combination!
[(1, 5), (1, 7), (5, 5), (3, 5), (7, 5), (11, 5), (1, 5), (3, 9), (9, 3)] frozenset([(5, 5), (11, 5), (9, 3), (1, 5), (7, 5), (1, 7), (3, 9), (3, 5)]) Same coordinate multiple times in the combination!
[(9, 9), (7, 9), (7, 5), (5, 9), (5, 11), (9, 3), (1, 5), (7, 9), (3, 9)] frozenset([(5, 9), (5, 11), (9, 3), (9, 9), (1, 5), (7, 5), (3, 9), (7, 9)]) Same coordinate multiple times in the combination!
[(7, 7), (7, 3), (7, 5), (7, 5), (7, 7), (9, 5), (5, 11), (7, 9), (3, 3)] frozenset([(7, 3), (3, 3), (5, 11), (7, 7), (7, 5), (9, 5), (7, 9)]) Same coordinate multiple times in the combination!
[(5, 9), (11, 5), (9, 3), (9, 9), (9, 5), (3, 7), (9, 3), (7, 1), (5, 11)] frozenset([(5, 9), (11, 5), (9, 3), (9, 9), (7, 1), (3, 7), (9, 5), (5, 11)]) Same coordinate multiple times in the combination!
[(1, 5), (1, 7), (5, 5), (3, 5), (7, 5), (11, 5), (1, 5), (3, 9), (9, 3)] frozenset([(5, 5), (11, 5), (9, 3), (1, 5), (7, 5), (1, 7), (3, 9), (3, 5)]) Same coordinate multiple times in the combination!
[(9, 9), (7, 9), (7, 5), (5, 9), (5, 11), (9, 3), (1, 5), (7, 9), (3, 9)] frozenset([(5, 9), (5, 11), (9, 3), (9, 9), (1, 5), (7, 5), (3, 9), (7, 9)]) Same coordinate multiple times in the combination!
[(7, 7), (7, 3), (7, 5), (7, 5), (7, 7), (9, 5), (5, 11), (7, 9), (3, 3)] frozenset([(7, 3), (3, 3), (5, 11), (7, 7), (7, 5), (9, 5), (7, 9)]) Same coordinate multiple times in the combination!
